{"total": {"lines":{"total":910,"covered":876,"skipped":0,"pct":96.26},"statements":{"total":910,"covered":876,"skipped":0,"pct":96.26},"functions":{"total":26,"covered":17,"skipped":0,"pct":65.38},"branches":{"total":145,"covered":92,"skipped":0,"pct":63.44},"branchesTrue":{"total":0,"covered":0,"skipped":0,"pct":100}}
,"E:\\Projects\\stockai-pro\\frontend\\src\\components\\ui\\Badge.jsx": {"lines":{"total":27,"covered":27,"skipped":0,"pct":100},"functions":{"total":1,"covered":1,"skipped":0,"pct":100},"statements":{"total":27,"covered":27,"skipped":0,"pct":100},"branches":{"total":2,"covered":2,"skipped":0,"pct":100}}
,"E:\\Projects\\stockai-pro\\frontend\\src\\components\\ui\\Button.jsx": {"lines":{"total":79,"covered":79,"skipped":0,"pct":100},"functions":{"total":1,"covered":1,"skipped":0,"pct":100},"statements":{"total":79,"covered":79,"skipped":0,"pct":100},"branches":{"total":17,"covered":15,"skipped":0,"pct":88.23}}
,"E:\\Projects\\stockai-pro\\frontend\\src\\components\\ui\\Card.jsx": {"lines":{"total":19,"covered":19,"skipped":0,"pct":100},"functions":{"total":1,"covered":1,"skipped":0,"pct":100},"statements":{"total":19,"covered":19,"skipped":0,"pct":100},"branches":{"total":1,"covered":1,"skipped":0,"pct":100}}
,"E:\\Projects\\stockai-pro\\frontend\\src\\pages\\Dashboard.jsx": {"lines":{"total":213,"covered":200,"skipped":0,"pct":93.89},"functions":{"total":2,"covered":1,"skipped":0,"pct":50},"statements":{"total":213,"covered":200,"skipped":0,"pct":93.89},"branches":{"total":50,"covered":35,"skipped":0,"pct":70}}
,"E:\\Projects\\stockai-pro\\frontend\\src\\pages\\Login.jsx": {"lines":{"total":253,"covered":249,"skipped":0,"pct":98.41},"functions":{"total":9,"covered":4,"skipped":0,"pct":44.44},"statements":{"total":253,"covered":249,"skipped":0,"pct":98.41},"branches":{"total":25,"covered":19,"skipped":0,"pct":76}}
,"E:\\Projects\\stockai-pro\\frontend\\src\\pages\\Portfolio.jsx": {"lines":{"total":127,"covered":127,"skipped":0,"pct":100},"functions":{"total":4,"covered":2,"skipped":0,"pct":50},"statements":{"total":127,"covered":127,"skipped":0,"pct":100},"branches":{"total":16,"covered":6,"skipped":0,"pct":37.5}}
,"E:\\Projects\\stockai-pro\\frontend\\src\\pages\\Signals.jsx": {"lines":{"total":192,"covered":175,"skipped":0,"pct":91.14},"functions":{"total":8,"covered":7,"skipped":0,"pct":87.5},"statements":{"total":192,"covered":175,"skipped":0,"pct":91.14},"branches":{"total":34,"covered":14,"skipped":0,"pct":41.17}}
}
