{"E:\\Projects\\stockai-pro\\frontend\\src\\components\\ui\\Badge.jsx": {"path":"E:\\Projects\\stockai-pro\\frontend\\src\\components\\ui\\Badge.jsx","all":false,"statementMap":{"0":{"start":{"line":1,"column":0},"end":{"line":1,"column":26}},"1":{"start":{"line":2,"column":0},"end":{"line":2,"column":28}},"2":{"start":{"line":3,"column":0},"end":{"line":3,"column":41}},"3":{"start":{"line":4,"column":0},"end":{"line":4,"column":0}},"4":{"start":{"line":5,"column":0},"end":{"line":5,"column":72}},"5":{"start":{"line":6,"column":0},"end":{"line":6,"column":20}},"6":{"start":{"line":7,"column":0},"end":{"line":7,"column":68}},"7":{"start":{"line":8,"column":0},"end":{"line":8,"column":60}},"8":{"start":{"line":9,"column":0},"end":{"line":9,"column":66}},"9":{"start":{"line":10,"column":0},"end":{"line":10,"column":60}},"10":{"start":{"line":11,"column":0},"end":{"line":11,"column":66}},"11":{"start":{"line":12,"column":0},"end":{"line":12,"column":4}},"12":{"start":{"line":13,"column":0},"end":{"line":13,"column":0}},"13":{"start":{"line":14,"column":0},"end":{"line":14,"column":10}},"14":{"start":{"line":15,"column":0},"end":{"line":15,"column":9}},"15":{"start":{"line":16,"column":0},"end":{"line":16,"column":30}},"16":{"start":{"line":17,"column":0},"end":{"line":17,"column":121}},"17":{"start":{"line":18,"column":0},"end":{"line":18,"column":46}},"18":{"start":{"line":19,"column":0},"end":{"line":19,"column":18}},"19":{"start":{"line":20,"column":0},"end":{"line":20,"column":9}},"20":{"start":{"line":21,"column":0},"end":{"line":21,"column":5}},"21":{"start":{"line":22,"column":0},"end":{"line":22,"column":16}},"22":{"start":{"line":23,"column":0},"end":{"line":23,"column":11}},"23":{"start":{"line":24,"column":0},"end":{"line":24,"column":4}},"24":{"start":{"line":25,"column":0},"end":{"line":25,"column":2}},"25":{"start":{"line":26,"column":0},"end":{"line":26,"column":0}},"26":{"start":{"line":27,"column":0},"end":{"line":27,"column":21}}},"s":{"0":1,"1":1,"2":1,"3":1,"4":1,"5":27,"6":27,"7":27,"8":27,"9":27,"10":27,"11":27,"12":27,"13":27,"14":27,"15":27,"16":27,"17":27,"18":27,"19":27,"20":27,"21":27,"22":27,"23":27,"24":27,"25":1,"26":1},"branchMap":{"0":{"type":"branch","line":5,"loc":{"start":{"line":5,"column":21},"end":{"line":25,"column":2}},"locations":[{"start":{"line":5,"column":21},"end":{"line":25,"column":2}}]},"1":{"type":"branch","line":18,"loc":{"start":{"line":18,"column":24},"end":{"line":18,"column":46}},"locations":[{"start":{"line":18,"column":24},"end":{"line":18,"column":46}}]}},"b":{"0":[27],"1":[1]},"fnMap":{"0":{"name":"Badge","decl":{"start":{"line":5,"column":21},"end":{"line":25,"column":2}},"loc":{"start":{"line":5,"column":21},"end":{"line":25,"column":2}},"line":5}},"f":{"0":27}}
,"E:\\Projects\\stockai-pro\\frontend\\src\\components\\ui\\Button.jsx": {"path":"E:\\Projects\\stockai-pro\\frontend\\src\\components\\ui\\Button.jsx","all":false,"statementMap":{"0":{"start":{"line":1,"column":0},"end":{"line":1,"column":26}},"1":{"start":{"line":2,"column":0},"end":{"line":2,"column":53}},"2":{"start":{"line":3,"column":0},"end":{"line":3,"column":28}},"3":{"start":{"line":4,"column":0},"end":{"line":4,"column":41}},"4":{"start":{"line":5,"column":0},"end":{"line":5,"column":0}},"5":{"start":{"line":6,"column":0},"end":{"line":6,"column":24}},"6":{"start":{"line":7,"column":0},"end":{"line":7,"column":11}},"7":{"start":{"line":8,"column":0},"end":{"line":8,"column":10}},"8":{"start":{"line":9,"column":0},"end":{"line":9,"column":18}},"9":{"start":{"line":10,"column":0},"end":{"line":10,"column":19}},"10":{"start":{"line":11,"column":0},"end":{"line":11,"column":20}},"11":{"start":{"line":12,"column":0},"end":{"line":12,"column":29}},"12":{"start":{"line":13,"column":0},"end":{"line":13,"column":20}},"13":{"start":{"line":14,"column":0},"end":{"line":14,"column":22}},"14":{"start":{"line":15,"column":0},"end":{"line":15,"column":17}},"15":{"start":{"line":16,"column":0},"end":{"line":16,"column":19}},"16":{"start":{"line":17,"column":0},"end":{"line":17,"column":10}},"17":{"start":{"line":18,"column":0},"end":{"line":18,"column":7}},"18":{"start":{"line":19,"column":0},"end":{"line":19,"column":55}},"19":{"start":{"line":20,"column":0},"end":{"line":20,"column":0}},"20":{"start":{"line":21,"column":0},"end":{"line":21,"column":23}},"21":{"start":{"line":22,"column":0},"end":{"line":22,"column":27}},"22":{"start":{"line":23,"column":0},"end":{"line":23,"column":33}},"23":{"start":{"line":24,"column":0},"end":{"line":24,"column":30}},"24":{"start":{"line":25,"column":0},"end":{"line":25,"column":4}},"25":{"start":{"line":26,"column":0},"end":{"line":26,"column":0}},"26":{"start":{"line":27,"column":0},"end":{"line":27,"column":26}},"27":{"start":{"line":28,"column":0},"end":{"line":28,"column":231}},"28":{"start":{"line":29,"column":0},"end":{"line":29,"column":154}},"29":{"start":{"line":30,"column":0},"end":{"line":30,"column":104}},"30":{"start":{"line":31,"column":0},"end":{"line":31,"column":97}},"31":{"start":{"line":32,"column":0},"end":{"line":32,"column":150}},"32":{"start":{"line":33,"column":0},"end":{"line":33,"column":4}},"33":{"start":{"line":34,"column":0},"end":{"line":34,"column":0}},"34":{"start":{"line":35,"column":0},"end":{"line":35,"column":32}},"35":{"start":{"line":36,"column":0},"end":{"line":36,"column":119}},"36":{"start":{"line":37,"column":0},"end":{"line":37,"column":15}},"37":{"start":{"line":38,"column":0},"end":{"line":38,"column":91}},"38":{"start":{"line":39,"column":0},"end":{"line":39,"column":58}},"39":{"start":{"line":40,"column":0},"end":{"line":40,"column":0}},"40":{"start":{"line":41,"column":0},"end":{"line":41,"column":10}},"41":{"start":{"line":42,"column":0},"end":{"line":42,"column":11}},"42":{"start":{"line":43,"column":0},"end":{"line":43,"column":17}},"43":{"start":{"line":44,"column":0},"end":{"line":44,"column":23}},"44":{"start":{"line":45,"column":0},"end":{"line":45,"column":26}},"45":{"start":{"line":46,"column":0},"end":{"line":46,"column":30}},"46":{"start":{"line":47,"column":0},"end":{"line":47,"column":170}},"47":{"start":{"line":48,"column":0},"end":{"line":48,"column":153}},"48":{"start":{"line":49,"column":0},"end":{"line":49,"column":69}},"49":{"start":{"line":50,"column":0},"end":{"line":50,"column":49}},"50":{"start":{"line":51,"column":0},"end":{"line":51,"column":21}},"51":{"start":{"line":52,"column":0},"end":{"line":52,"column":18}},"52":{"start":{"line":53,"column":0},"end":{"line":53,"column":9}},"53":{"start":{"line":54,"column":0},"end":{"line":54,"column":16}},"54":{"start":{"line":55,"column":0},"end":{"line":55,"column":5}},"55":{"start":{"line":56,"column":0},"end":{"line":56,"column":46}},"56":{"start":{"line":57,"column":0},"end":{"line":57,"column":156}},"57":{"start":{"line":58,"column":0},"end":{"line":58,"column":15}},"58":{"start":{"line":59,"column":0},"end":{"line":59,"column":0}},"59":{"start":{"line":60,"column":0},"end":{"line":60,"column":69}},"60":{"start":{"line":61,"column":0},"end":{"line":61,"column":22}},"61":{"start":{"line":62,"column":0},"end":{"line":62,"column":12}},"62":{"start":{"line":63,"column":0},"end":{"line":63,"column":48}},"63":{"start":{"line":64,"column":0},"end":{"line":64,"column":33}},"64":{"start":{"line":65,"column":0},"end":{"line":65,"column":13}},"65":{"start":{"line":66,"column":0},"end":{"line":66,"column":25}},"66":{"start":{"line":67,"column":0},"end":{"line":67,"column":12}},"67":{"start":{"line":68,"column":0},"end":{"line":68,"column":56}},"68":{"start":{"line":69,"column":0},"end":{"line":69,"column":38}},"69":{"start":{"line":70,"column":0},"end":{"line":70,"column":13}},"70":{"start":{"line":71,"column":0},"end":{"line":71,"column":13}},"71":{"start":{"line":72,"column":0},"end":{"line":72,"column":18}},"72":{"start":{"line":73,"column":0},"end":{"line":73,"column":10}},"73":{"start":{"line":74,"column":0},"end":{"line":74,"column":13}},"74":{"start":{"line":75,"column":0},"end":{"line":75,"column":13}},"75":{"start":{"line":76,"column":0},"end":{"line":76,"column":4}},"76":{"start":{"line":77,"column":0},"end":{"line":77,"column":2}},"77":{"start":{"line":78,"column":0},"end":{"line":78,"column":0}},"78":{"start":{"line":79,"column":0},"end":{"line":79,"column":22}}},"s":{"0":1,"1":1,"2":1,"3":1,"4":1,"5":1,"6":16,"7":16,"8":16,"9":16,"10":16,"11":16,"12":16,"13":16,"14":16,"15":16,"16":16,"17":16,"18":16,"19":16,"20":16,"21":16,"22":16,"23":16,"24":16,"25":16,"26":16,"27":16,"28":16,"29":16,"30":16,"31":16,"32":16,"33":16,"34":16,"35":1,"36":15,"37":2,"38":13,"39":16,"40":16,"41":16,"42":16,"43":16,"44":16,"45":16,"46":16,"47":16,"48":16,"49":16,"50":16,"51":16,"52":16,"53":16,"54":16,"55":16,"56":9,"57":7,"58":16,"59":16,"60":16,"61":1,"62":1,"63":1,"64":1,"65":15,"66":1,"67":1,"68":1,"69":1,"70":14,"71":14,"72":16,"73":16,"74":16,"75":16,"76":16,"77":1,"78":1},"branchMap":{"0":{"type":"branch","line":6,"loc":{"start":{"line":6,"column":22},"end":{"line":77,"column":2}},"locations":[{"start":{"line":6,"column":22},"end":{"line":77,"column":2}}]},"1":{"type":"branch","line":19,"loc":{"start":{"line":19,"column":20},"end":{"line":19,"column":45}},"locations":[{"start":{"line":19,"column":20},"end":{"line":19,"column":45}}]},"2":{"type":"branch","line":19,"loc":{"start":{"line":19,"column":32},"end":{"line":19,"column":55}},"locations":[{"start":{"line":19,"column":32},"end":{"line":19,"column":55}}]},"3":{"type":"branch","line":35,"loc":{"start":{"line":35,"column":23},"end":{"line":36,"column":119}},"locations":[{"start":{"line":35,"column":23},"end":{"line":36,"column":119}}]},"4":{"type":"branch","line":36,"loc":{"start":{"line":36,"column":6},"end":{"line":39,"column":58}},"locations":[{"start":{"line":36,"column":6},"end":{"line":39,"column":58}}]},"5":{"type":"branch","line":37,"loc":{"start":{"line":37,"column":6},"end":{"line":38,"column":91}},"locations":[{"start":{"line":37,"column":6},"end":{"line":38,"column":91}}]},"6":{"type":"branch","line":38,"loc":{"start":{"line":38,"column":8},"end":{"line":39,"column":58}},"locations":[{"start":{"line":38,"column":8},"end":{"line":39,"column":58}}]},"7":{"type":"branch","line":39,"loc":{"start":{"line":39,"column":30},"end":{"line":39,"column":58}},"locations":[{"start":{"line":39,"column":30},"end":{"line":39,"column":58}}]},"8":{"type":"branch","line":49,"loc":{"start":{"line":49,"column":9},"end":{"line":49,"column":69}},"locations":[{"start":{"line":49,"column":9},"end":{"line":49,"column":69}}]},"9":{"type":"branch","line":50,"loc":{"start":{"line":50,"column":24},"end":{"line":50,"column":49}},"locations":[{"start":{"line":50,"column":24},"end":{"line":50,"column":49}}]},"10":{"type":"branch","line":56,"loc":{"start":{"line":56,"column":8},"end":{"line":56,"column":46}},"locations":[{"start":{"line":56,"column":8},"end":{"line":56,"column":46}}]},"11":{"type":"branch","line":56,"loc":{"start":{"line":56,"column":33},"end":{"line":57,"column":156}},"locations":[{"start":{"line":56,"column":33},"end":{"line":57,"column":156}}]},"12":{"type":"branch","line":57,"loc":{"start":{"line":57,"column":154},"end":{"line":58,"column":15}},"locations":[{"start":{"line":57,"column":154},"end":{"line":58,"column":15}}]},"13":{"type":"branch","line":61,"loc":{"start":{"line":61,"column":9},"end":{"line":65,"column":13}},"locations":[{"start":{"line":61,"column":9},"end":{"line":65,"column":13}}]},"14":{"type":"branch","line":65,"loc":{"start":{"line":65,"column":10},"end":{"line":72,"column":18}},"locations":[{"start":{"line":65,"column":10},"end":{"line":72,"column":18}}]},"15":{"type":"branch","line":66,"loc":{"start":{"line":66,"column":12},"end":{"line":70,"column":13}},"locations":[{"start":{"line":66,"column":12},"end":{"line":70,"column":13}}]},"16":{"type":"branch","line":70,"loc":{"start":{"line":70,"column":10},"end":{"line":72,"column":18}},"locations":[{"start":{"line":70,"column":10},"end":{"line":72,"column":18}}]}},"b":{"0":[16],"1":[15],"2":[14],"3":[1],"4":[15],"5":[2],"6":[13],"7":[0],"8":[13],"9":[0],"10":[13],"11":[9],"12":[7],"13":[1],"14":[15],"15":[1],"16":[14]},"fnMap":{"0":{"name":"Button","decl":{"start":{"line":6,"column":22},"end":{"line":77,"column":2}},"loc":{"start":{"line":6,"column":22},"end":{"line":77,"column":2}},"line":6}},"f":{"0":16}}
,"E:\\Projects\\stockai-pro\\frontend\\src\\components\\ui\\Card.jsx": {"path":"E:\\Projects\\stockai-pro\\frontend\\src\\components\\ui\\Card.jsx","all":false,"statementMap":{"0":{"start":{"line":1,"column":0},"end":{"line":1,"column":26}},"1":{"start":{"line":2,"column":0},"end":{"line":2,"column":41}},"2":{"start":{"line":3,"column":0},"end":{"line":3,"column":28}},"3":{"start":{"line":4,"column":0},"end":{"line":4,"column":0}},"4":{"start":{"line":5,"column":0},"end":{"line":5,"column":60}},"5":{"start":{"line":6,"column":0},"end":{"line":6,"column":6}},"6":{"start":{"line":7,"column":0},"end":{"line":7,"column":28}},"7":{"start":{"line":8,"column":0},"end":{"line":8,"column":172}},"8":{"start":{"line":9,"column":0},"end":{"line":9,"column":180}},"9":{"start":{"line":10,"column":0},"end":{"line":10,"column":81}},"10":{"start":{"line":11,"column":0},"end":{"line":11,"column":16}},"11":{"start":{"line":12,"column":0},"end":{"line":12,"column":7}},"12":{"start":{"line":13,"column":0},"end":{"line":13,"column":14}},"13":{"start":{"line":14,"column":0},"end":{"line":14,"column":3}},"14":{"start":{"line":15,"column":0},"end":{"line":15,"column":51}},"15":{"start":{"line":16,"column":0},"end":{"line":16,"column":8}},"16":{"start":{"line":17,"column":0},"end":{"line":17,"column":2}},"17":{"start":{"line":18,"column":0},"end":{"line":18,"column":0}},"18":{"start":{"line":19,"column":0},"end":{"line":19,"column":20}}},"s":{"0":1,"1":1,"2":1,"3":1,"4":1,"5":43,"6":43,"7":43,"8":43,"9":43,"10":43,"11":43,"12":43,"13":43,"14":43,"15":43,"16":1,"17":1,"18":1},"branchMap":{"0":{"type":"branch","line":5,"loc":{"start":{"line":5,"column":20},"end":{"line":16,"column":8}},"locations":[{"start":{"line":5,"column":20},"end":{"line":16,"column":8}}]}},"b":{"0":[43]},"fnMap":{"0":{"name":"Card","decl":{"start":{"line":5,"column":20},"end":{"line":16,"column":8}},"loc":{"start":{"line":5,"column":20},"end":{"line":16,"column":8}},"line":5}},"f":{"0":43}}
,"E:\\Projects\\stockai-pro\\frontend\\src\\pages\\Dashboard.jsx": {"path":"E:\\Projects\\stockai-pro\\frontend\\src\\pages\\Dashboard.jsx","all":false,"statementMap":{"0":{"start":{"line":1,"column":0},"end":{"line":1,"column":71}},"1":{"start":{"line":2,"column":0},"end":{"line":2,"column":48}},"2":{"start":{"line":3,"column":0},"end":{"line":3,"column":47}},"3":{"start":{"line":4,"column":0},"end":{"line":4,"column":48}},"4":{"start":{"line":5,"column":0},"end":{"line":5,"column":59}},"5":{"start":{"line":6,"column":0},"end":{"line":6,"column":72}},"6":{"start":{"line":7,"column":0},"end":{"line":7,"column":52}},"7":{"start":{"line":8,"column":0},"end":{"line":8,"column":58}},"8":{"start":{"line":9,"column":0},"end":{"line":9,"column":70}},"9":{"start":{"line":10,"column":0},"end":{"line":10,"column":64}},"10":{"start":{"line":11,"column":0},"end":{"line":11,"column":0}},"11":{"start":{"line":12,"column":0},"end":{"line":12,"column":51}},"12":{"start":{"line":13,"column":0},"end":{"line":13,"column":0}},"13":{"start":{"line":14,"column":0},"end":{"line":14,"column":37}},"14":{"start":{"line":15,"column":0},"end":{"line":15,"column":35}},"15":{"start":{"line":16,"column":0},"end":{"line":16,"column":0}},"16":{"start":{"line":17,"column":0},"end":{"line":17,"column":72}},"17":{"start":{"line":18,"column":0},"end":{"line":18,"column":0}},"18":{"start":{"line":19,"column":0},"end":{"line":19,"column":80}},"19":{"start":{"line":20,"column":0},"end":{"line":20,"column":65}},"20":{"start":{"line":21,"column":0},"end":{"line":21,"column":71}},"21":{"start":{"line":22,"column":0},"end":{"line":22,"column":63}},"22":{"start":{"line":23,"column":0},"end":{"line":23,"column":51}},"23":{"start":{"line":24,"column":0},"end":{"line":24,"column":53}},"24":{"start":{"line":25,"column":0},"end":{"line":25,"column":57}},"25":{"start":{"line":26,"column":0},"end":{"line":26,"column":63}},"26":{"start":{"line":27,"column":0},"end":{"line":27,"column":63}},"27":{"start":{"line":28,"column":0},"end":{"line":28,"column":59}},"28":{"start":{"line":29,"column":0},"end":{"line":29,"column":65}},"29":{"start":{"line":30,"column":0},"end":{"line":30,"column":71}},"30":{"start":{"line":31,"column":0},"end":{"line":31,"column":69}},"31":{"start":{"line":32,"column":0},"end":{"line":32,"column":67}},"32":{"start":{"line":33,"column":0},"end":{"line":33,"column":0}},"33":{"start":{"line":34,"column":0},"end":{"line":34,"column":48}},"34":{"start":{"line":35,"column":0},"end":{"line":35,"column":81}},"35":{"start":{"line":36,"column":0},"end":{"line":36,"column":105}},"36":{"start":{"line":37,"column":0},"end":{"line":37,"column":0}},"37":{"start":{"line":38,"column":0},"end":{"line":38,"column":130}},"38":{"start":{"line":39,"column":0},"end":{"line":39,"column":72}},"39":{"start":{"line":40,"column":0},"end":{"line":40,"column":0}},"40":{"start":{"line":41,"column":0},"end":{"line":41,"column":34}},"41":{"start":{"line":42,"column":0},"end":{"line":42,"column":19}},"42":{"start":{"line":43,"column":0},"end":{"line":43,"column":32}},"43":{"start":{"line":44,"column":0},"end":{"line":44,"column":31}},"44":{"start":{"line":45,"column":0},"end":{"line":45,"column":5}},"45":{"start":{"line":46,"column":0},"end":{"line":46,"column":48}},"46":{"start":{"line":47,"column":0},"end":{"line":47,"column":0}},"47":{"start":{"line":48,"column":0},"end":{"line":48,"column":23}},"48":{"start":{"line":49,"column":0},"end":{"line":49,"column":19}},"49":{"start":{"line":50,"column":0},"end":{"line":50,"column":57}},"50":{"start":{"line":51,"column":0},"end":{"line":51,"column":94}},"51":{"start":{"line":52,"column":0},"end":{"line":52,"column":13}},"52":{"start":{"line":53,"column":0},"end":{"line":53,"column":5}},"53":{"start":{"line":54,"column":0},"end":{"line":54,"column":41}},"54":{"start":{"line":55,"column":0},"end":{"line":55,"column":79}},"55":{"start":{"line":56,"column":0},"end":{"line":56,"column":103}},"56":{"start":{"line":57,"column":0},"end":{"line":57,"column":0}},"57":{"start":{"line":58,"column":0},"end":{"line":58,"column":38}},"58":{"start":{"line":59,"column":0},"end":{"line":59,"column":19}},"59":{"start":{"line":60,"column":0},"end":{"line":60,"column":73}},"60":{"start":{"line":61,"column":0},"end":{"line":61,"column":38}},"61":{"start":{"line":62,"column":0},"end":{"line":62,"column":36}},"62":{"start":{"line":63,"column":0},"end":{"line":63,"column":18}},"63":{"start":{"line":64,"column":0},"end":{"line":64,"column":40}},"64":{"start":{"line":65,"column":0},"end":{"line":65,"column":6}},"65":{"start":{"line":66,"column":0},"end":{"line":66,"column":23}},"66":{"start":{"line":67,"column":0},"end":{"line":67,"column":0}},"67":{"start":{"line":68,"column":0},"end":{"line":68,"column":60}},"68":{"start":{"line":69,"column":0},"end":{"line":69,"column":9}},"69":{"start":{"line":70,"column":0},"end":{"line":70,"column":56}},"70":{"start":{"line":71,"column":0},"end":{"line":71,"column":21}},"71":{"start":{"line":72,"column":0},"end":{"line":72,"column":75}},"72":{"start":{"line":73,"column":0},"end":{"line":73,"column":5}},"73":{"start":{"line":74,"column":0},"end":{"line":74,"column":55}},"74":{"start":{"line":75,"column":0},"end":{"line":75,"column":0}},"75":{"start":{"line":76,"column":0},"end":{"line":76,"column":66}},"76":{"start":{"line":77,"column":0},"end":{"line":77,"column":9}},"77":{"start":{"line":78,"column":0},"end":{"line":78,"column":39}},"78":{"start":{"line":79,"column":0},"end":{"line":79,"column":21}},"79":{"start":{"line":80,"column":0},"end":{"line":80,"column":73}},"80":{"start":{"line":81,"column":0},"end":{"line":81,"column":5}},"81":{"start":{"line":82,"column":0},"end":{"line":82,"column":35}},"82":{"start":{"line":83,"column":0},"end":{"line":83,"column":0}},"83":{"start":{"line":84,"column":0},"end":{"line":84,"column":37}},"84":{"start":{"line":85,"column":0},"end":{"line":85,"column":56}},"85":{"start":{"line":86,"column":0},"end":{"line":86,"column":59}},"86":{"start":{"line":87,"column":0},"end":{"line":87,"column":5}},"87":{"start":{"line":88,"column":0},"end":{"line":88,"column":12}},"88":{"start":{"line":89,"column":0},"end":{"line":89,"column":64}},"89":{"start":{"line":90,"column":0},"end":{"line":90,"column":74}},"90":{"start":{"line":91,"column":0},"end":{"line":91,"column":73}},"91":{"start":{"line":92,"column":0},"end":{"line":92,"column":6}},"92":{"start":{"line":93,"column":0},"end":{"line":93,"column":50}},"93":{"start":{"line":94,"column":0},"end":{"line":94,"column":0}},"94":{"start":{"line":95,"column":0},"end":{"line":95,"column":10}},"95":{"start":{"line":96,"column":0},"end":{"line":96,"column":112}},"96":{"start":{"line":97,"column":0},"end":{"line":97,"column":6}},"97":{"start":{"line":98,"column":0},"end":{"line":98,"column":38}},"98":{"start":{"line":99,"column":0},"end":{"line":99,"column":56}},"99":{"start":{"line":100,"column":0},"end":{"line":100,"column":0}},"100":{"start":{"line":101,"column":0},"end":{"line":101,"column":42}},"101":{"start":{"line":102,"column":0},"end":{"line":102,"column":67}},"102":{"start":{"line":103,"column":0},"end":{"line":103,"column":8}},"103":{"start":{"line":104,"column":0},"end":{"line":104,"column":36}},"104":{"start":{"line":105,"column":0},"end":{"line":105,"column":75}},"105":{"start":{"line":106,"column":0},"end":{"line":106,"column":10}},"106":{"start":{"line":107,"column":0},"end":{"line":107,"column":34}},"107":{"start":{"line":108,"column":0},"end":{"line":108,"column":145}},"108":{"start":{"line":109,"column":0},"end":{"line":109,"column":53}},"109":{"start":{"line":110,"column":0},"end":{"line":110,"column":110}},"110":{"start":{"line":111,"column":0},"end":{"line":111,"column":94}},"111":{"start":{"line":112,"column":0},"end":{"line":112,"column":49}},"112":{"start":{"line":113,"column":0},"end":{"line":113,"column":155}},"113":{"start":{"line":114,"column":0},"end":{"line":114,"column":36}},"114":{"start":{"line":115,"column":0},"end":{"line":115,"column":23}},"115":{"start":{"line":116,"column":0},"end":{"line":116,"column":16}},"116":{"start":{"line":117,"column":0},"end":{"line":117,"column":14}},"117":{"start":{"line":118,"column":0},"end":{"line":118,"column":40}},"118":{"start":{"line":119,"column":0},"end":{"line":119,"column":104}},"119":{"start":{"line":120,"column":0},"end":{"line":120,"column":43}},"120":{"start":{"line":121,"column":0},"end":{"line":121,"column":25}},"121":{"start":{"line":122,"column":0},"end":{"line":122,"column":30}},"122":{"start":{"line":123,"column":0},"end":{"line":123,"column":33}},"123":{"start":{"line":124,"column":0},"end":{"line":124,"column":63}},"124":{"start":{"line":125,"column":0},"end":{"line":125,"column":102}},"125":{"start":{"line":126,"column":0},"end":{"line":126,"column":48}},"126":{"start":{"line":127,"column":0},"end":{"line":127,"column":118}},"127":{"start":{"line":128,"column":0},"end":{"line":128,"column":63}},"128":{"start":{"line":129,"column":0},"end":{"line":129,"column":23}},"129":{"start":{"line":130,"column":0},"end":{"line":130,"column":19}},"130":{"start":{"line":131,"column":0},"end":{"line":131,"column":40}},"131":{"start":{"line":132,"column":0},"end":{"line":132,"column":27}},"132":{"start":{"line":133,"column":0},"end":{"line":133,"column":19}},"133":{"start":{"line":134,"column":0},"end":{"line":134,"column":20}},"134":{"start":{"line":135,"column":0},"end":{"line":135,"column":18}},"135":{"start":{"line":136,"column":0},"end":{"line":136,"column":0}},"136":{"start":{"line":137,"column":0},"end":{"line":137,"column":42}},"137":{"start":{"line":138,"column":0},"end":{"line":138,"column":63}},"138":{"start":{"line":139,"column":0},"end":{"line":139,"column":95}},"139":{"start":{"line":140,"column":0},"end":{"line":140,"column":149}},"140":{"start":{"line":141,"column":0},"end":{"line":141,"column":149}},"141":{"start":{"line":142,"column":0},"end":{"line":142,"column":152}},"142":{"start":{"line":143,"column":0},"end":{"line":143,"column":18}},"143":{"start":{"line":144,"column":0},"end":{"line":144,"column":16}},"144":{"start":{"line":145,"column":0},"end":{"line":145,"column":0}},"145":{"start":{"line":146,"column":0},"end":{"line":146,"column":58}},"146":{"start":{"line":147,"column":0},"end":{"line":147,"column":82}},"147":{"start":{"line":148,"column":0},"end":{"line":148,"column":12}},"148":{"start":{"line":149,"column":0},"end":{"line":149,"column":51}},"149":{"start":{"line":150,"column":0},"end":{"line":150,"column":43}},"150":{"start":{"line":151,"column":0},"end":{"line":151,"column":163}},"151":{"start":{"line":152,"column":0},"end":{"line":152,"column":77}},"152":{"start":{"line":153,"column":0},"end":{"line":153,"column":48}},"153":{"start":{"line":154,"column":0},"end":{"line":154,"column":20}},"154":{"start":{"line":155,"column":0},"end":{"line":155,"column":14}},"155":{"start":{"line":156,"column":0},"end":{"line":156,"column":0}},"156":{"start":{"line":157,"column":0},"end":{"line":157,"column":102}},"157":{"start":{"line":158,"column":0},"end":{"line":158,"column":31}},"158":{"start":{"line":159,"column":0},"end":{"line":159,"column":33}},"159":{"start":{"line":160,"column":0},"end":{"line":160,"column":39}},"160":{"start":{"line":161,"column":0},"end":{"line":161,"column":45}},"161":{"start":{"line":162,"column":0},"end":{"line":162,"column":39}},"162":{"start":{"line":163,"column":0},"end":{"line":163,"column":41}},"163":{"start":{"line":164,"column":0},"end":{"line":164,"column":37}},"164":{"start":{"line":165,"column":0},"end":{"line":165,"column":50}},"165":{"start":{"line":166,"column":0},"end":{"line":166,"column":41}},"166":{"start":{"line":167,"column":0},"end":{"line":167,"column":16}},"167":{"start":{"line":168,"column":0},"end":{"line":168,"column":0}},"168":{"start":{"line":169,"column":0},"end":{"line":169,"column":55}},"169":{"start":{"line":170,"column":0},"end":{"line":170,"column":136}},"170":{"start":{"line":171,"column":0},"end":{"line":171,"column":117}},"171":{"start":{"line":172,"column":0},"end":{"line":172,"column":150}},"172":{"start":{"line":173,"column":0},"end":{"line":173,"column":22}},"173":{"start":{"line":174,"column":0},"end":{"line":174,"column":16}},"174":{"start":{"line":175,"column":0},"end":{"line":175,"column":0}},"175":{"start":{"line":176,"column":0},"end":{"line":176,"column":49}},"176":{"start":{"line":177,"column":0},"end":{"line":177,"column":280}},"177":{"start":{"line":178,"column":0},"end":{"line":178,"column":85}},"178":{"start":{"line":179,"column":0},"end":{"line":179,"column":67}},"179":{"start":{"line":180,"column":0},"end":{"line":180,"column":131}},"180":{"start":{"line":181,"column":0},"end":{"line":181,"column":119}},"181":{"start":{"line":182,"column":0},"end":{"line":182,"column":24}},"182":{"start":{"line":183,"column":0},"end":{"line":183,"column":22}},"183":{"start":{"line":184,"column":0},"end":{"line":184,"column":16}},"184":{"start":{"line":185,"column":0},"end":{"line":185,"column":18}},"185":{"start":{"line":186,"column":0},"end":{"line":186,"column":16}},"186":{"start":{"line":187,"column":0},"end":{"line":187,"column":0}},"187":{"start":{"line":188,"column":0},"end":{"line":188,"column":15}},"188":{"start":{"line":189,"column":0},"end":{"line":189,"column":0}},"189":{"start":{"line":190,"column":0},"end":{"line":190,"column":70}},"190":{"start":{"line":191,"column":0},"end":{"line":191,"column":188}},"191":{"start":{"line":192,"column":0},"end":{"line":192,"column":24}},"192":{"start":{"line":193,"column":0},"end":{"line":193,"column":133}},"193":{"start":{"line":194,"column":0},"end":{"line":194,"column":129}},"194":{"start":{"line":195,"column":0},"end":{"line":195,"column":94}},"195":{"start":{"line":196,"column":0},"end":{"line":196,"column":19}},"196":{"start":{"line":197,"column":0},"end":{"line":197,"column":125}},"197":{"start":{"line":198,"column":0},"end":{"line":198,"column":18}},"198":{"start":{"line":199,"column":0},"end":{"line":199,"column":19}},"199":{"start":{"line":200,"column":0},"end":{"line":200,"column":16}},"200":{"start":{"line":201,"column":0},"end":{"line":201,"column":0}},"201":{"start":{"line":202,"column":0},"end":{"line":202,"column":38}},"202":{"start":{"line":203,"column":0},"end":{"line":203,"column":51}},"203":{"start":{"line":204,"column":0},"end":{"line":204,"column":16}},"204":{"start":{"line":205,"column":0},"end":{"line":205,"column":0}},"205":{"start":{"line":206,"column":0},"end":{"line":206,"column":12}},"206":{"start":{"line":207,"column":0},"end":{"line":207,"column":0}},"207":{"start":{"line":208,"column":0},"end":{"line":208,"column":27}},"208":{"start":{"line":209,"column":0},"end":{"line":209,"column":41}},"209":{"start":{"line":210,"column":0},"end":{"line":210,"column":0}},"210":{"start":{"line":211,"column":0},"end":{"line":211,"column":10}},"211":{"start":{"line":212,"column":0},"end":{"line":212,"column":4}},"212":{"start":{"line":213,"column":0},"end":{"line":213,"column":1}}},"s":{"0":1,"1":1,"2":1,"3":1,"4":1,"5":1,"6":1,"7":1,"8":1,"9":1,"10":1,"11":1,"12":1,"13":5,"14":5,"15":5,"16":5,"17":5,"18":5,"19":5,"20":5,"21":5,"22":5,"23":5,"24":5,"25":5,"26":5,"27":5,"28":5,"29":5,"30":5,"31":5,"32":5,"33":5,"34":5,"35":5,"36":5,"37":5,"38":5,"39":5,"40":5,"41":5,"42":5,"43":0,"44":0,"45":5,"46":5,"47":5,"48":5,"49":5,"50":5,"51":2,"52":2,"53":3,"54":3,"55":5,"56":5,"57":5,"58":5,"59":5,"60":5,"61":5,"62":5,"63":5,"64":5,"65":5,"66":5,"67":5,"68":1,"69":1,"70":1,"71":0,"72":0,"73":5,"74":5,"75":5,"76":0,"77":0,"78":0,"79":0,"80":0,"81":5,"82":5,"83":5,"84":5,"85":3,"86":3,"87":2,"88":5,"89":5,"90":5,"91":5,"92":5,"93":5,"94":5,"95":5,"96":5,"97":5,"98":5,"99":5,"100":5,"101":5,"102":5,"103":5,"104":5,"105":5,"106":5,"107":5,"108":5,"109":5,"110":5,"111":5,"112":1,"113":1,"114":1,"115":5,"116":5,"117":5,"118":5,"119":5,"120":25,"121":25,"122":25,"123":25,"124":25,"125":25,"126":5,"127":20,"128":25,"129":25,"130":25,"131":25,"132":5,"133":5,"134":5,"135":5,"136":5,"137":5,"138":5,"139":5,"140":5,"141":5,"142":5,"143":5,"144":5,"145":5,"146":5,"147":5,"148":5,"149":5,"150":0,"151":0,"152":0,"153":0,"154":5,"155":5,"156":5,"157":5,"158":5,"159":5,"160":5,"161":5,"162":5,"163":5,"164":5,"165":5,"166":5,"167":5,"168":5,"169":1,"170":1,"171":1,"172":1,"173":5,"174":5,"175":5,"176":1,"177":1,"178":1,"179":1,"180":1,"181":1,"182":1,"183":5,"184":5,"185":5,"186":5,"187":5,"188":5,"189":5,"190":5,"191":5,"192":5,"193":5,"194":5,"195":5,"196":5,"197":5,"198":5,"199":5,"200":5,"201":5,"202":5,"203":5,"204":5,"205":5,"206":5,"207":5,"208":5,"209":5,"210":5,"211":5,"212":5},"branchMap":{"0":{"type":"branch","line":14,"loc":{"start":{"line":14,"column":0},"end":{"line":213,"column":1}},"locations":[{"start":{"line":14,"column":0},"end":{"line":213,"column":1}}]},"1":{"type":"branch","line":35,"loc":{"start":{"line":35,"column":38},"end":{"line":35,"column":63}},"locations":[{"start":{"line":35,"column":38},"end":{"line":35,"column":63}}]},"2":{"type":"branch","line":35,"loc":{"start":{"line":35,"column":53},"end":{"line":35,"column":65}},"locations":[{"start":{"line":35,"column":53},"end":{"line":35,"column":65}}]},"3":{"type":"branch","line":36,"loc":{"start":{"line":36,"column":69},"end":{"line":36,"column":89}},"locations":[{"start":{"line":36,"column":69},"end":{"line":36,"column":89}}]},"4":{"type":"branch","line":38,"loc":{"start":{"line":38,"column":39},"end":{"line":38,"column":70}},"locations":[{"start":{"line":38,"column":39},"end":{"line":38,"column":70}}]},"5":{"type":"branch","line":38,"loc":{"start":{"line":38,"column":64},"end":{"line":38,"column":130}},"locations":[{"start":{"line":38,"column":64},"end":{"line":38,"column":130}}]},"6":{"type":"branch","line":39,"loc":{"start":{"line":39,"column":33},"end":{"line":39,"column":56}},"locations":[{"start":{"line":39,"column":33},"end":{"line":39,"column":56}}]},"7":{"type":"branch","line":112,"loc":{"start":{"line":112,"column":36},"end":{"line":115,"column":23}},"locations":[{"start":{"line":112,"column":36},"end":{"line":115,"column":23}}]},"8":{"type":"branch","line":150,"loc":{"start":{"line":150,"column":37},"end":{"line":154,"column":20}},"locations":[{"start":{"line":150,"column":37},"end":{"line":154,"column":20}}]},"9":{"type":"branch","line":165,"loc":{"start":{"line":165,"column":28},"end":{"line":165,"column":50}},"locations":[{"start":{"line":165,"column":28},"end":{"line":165,"column":50}}]},"10":{"type":"branch","line":169,"loc":{"start":{"line":169,"column":36},"end":{"line":173,"column":22}},"locations":[{"start":{"line":169,"column":36},"end":{"line":173,"column":22}}]},"11":{"type":"branch","line":176,"loc":{"start":{"line":176,"column":36},"end":{"line":183,"column":22}},"locations":[{"start":{"line":176,"column":36},"end":{"line":183,"column":22}}]},"12":{"type":"branch","line":20,"loc":{"start":{"line":20,"column":34},"end":{"line":20,"column":63}},"locations":[{"start":{"line":20,"column":34},"end":{"line":20,"column":63}}]},"13":{"type":"branch","line":21,"loc":{"start":{"line":21,"column":37},"end":{"line":21,"column":69}},"locations":[{"start":{"line":21,"column":37},"end":{"line":21,"column":69}}]},"14":{"type":"branch","line":22,"loc":{"start":{"line":22,"column":33},"end":{"line":22,"column":61}},"locations":[{"start":{"line":22,"column":33},"end":{"line":22,"column":61}}]},"15":{"type":"branch","line":23,"loc":{"start":{"line":23,"column":27},"end":{"line":23,"column":49}},"locations":[{"start":{"line":23,"column":27},"end":{"line":23,"column":49}}]},"16":{"type":"branch","line":24,"loc":{"start":{"line":24,"column":28},"end":{"line":24,"column":51}},"locations":[{"start":{"line":24,"column":28},"end":{"line":24,"column":51}}]},"17":{"type":"branch","line":25,"loc":{"start":{"line":25,"column":30},"end":{"line":25,"column":55}},"locations":[{"start":{"line":25,"column":30},"end":{"line":25,"column":55}}]},"18":{"type":"branch","line":26,"loc":{"start":{"line":26,"column":33},"end":{"line":26,"column":61}},"locations":[{"start":{"line":26,"column":33},"end":{"line":26,"column":61}}]},"19":{"type":"branch","line":27,"loc":{"start":{"line":27,"column":33},"end":{"line":27,"column":61}},"locations":[{"start":{"line":27,"column":33},"end":{"line":27,"column":61}}]},"20":{"type":"branch","line":28,"loc":{"start":{"line":28,"column":31},"end":{"line":28,"column":57}},"locations":[{"start":{"line":28,"column":31},"end":{"line":28,"column":57}}]},"21":{"type":"branch","line":29,"loc":{"start":{"line":29,"column":34},"end":{"line":29,"column":63}},"locations":[{"start":{"line":29,"column":34},"end":{"line":29,"column":63}}]},"22":{"type":"branch","line":30,"loc":{"start":{"line":30,"column":37},"end":{"line":30,"column":69}},"locations":[{"start":{"line":30,"column":37},"end":{"line":30,"column":69}}]},"23":{"type":"branch","line":31,"loc":{"start":{"line":31,"column":36},"end":{"line":31,"column":67}},"locations":[{"start":{"line":31,"column":36},"end":{"line":31,"column":67}}]},"24":{"type":"branch","line":32,"loc":{"start":{"line":32,"column":35},"end":{"line":32,"column":65}},"locations":[{"start":{"line":32,"column":35},"end":{"line":32,"column":65}}]},"25":{"type":"branch","line":42,"loc":{"start":{"line":42,"column":12},"end":{"line":46,"column":5}},"locations":[{"start":{"line":42,"column":12},"end":{"line":46,"column":5}}]},"26":{"type":"branch","line":43,"loc":{"start":{"line":43,"column":31},"end":{"line":45,"column":5}},"locations":[{"start":{"line":43,"column":31},"end":{"line":45,"column":5}}]},"27":{"type":"branch","line":49,"loc":{"start":{"line":49,"column":12},"end":{"line":56,"column":5}},"locations":[{"start":{"line":49,"column":12},"end":{"line":56,"column":5}}]},"28":{"type":"branch","line":51,"loc":{"start":{"line":51,"column":25},"end":{"line":51,"column":93}},"locations":[{"start":{"line":51,"column":25},"end":{"line":51,"column":93}}]},"29":{"type":"branch","line":51,"loc":{"start":{"line":51,"column":93},"end":{"line":53,"column":5}},"locations":[{"start":{"line":51,"column":93},"end":{"line":53,"column":5}}]},"30":{"type":"branch","line":53,"loc":{"start":{"line":53,"column":4},"end":{"line":55,"column":79}},"locations":[{"start":{"line":53,"column":4},"end":{"line":55,"column":79}}]},"31":{"type":"branch","line":59,"loc":{"start":{"line":59,"column":12},"end":{"line":66,"column":5}},"locations":[{"start":{"line":59,"column":12},"end":{"line":66,"column":5}}]},"32":{"type":"branch","line":60,"loc":{"start":{"line":60,"column":30},"end":{"line":60,"column":50}},"locations":[{"start":{"line":60,"column":30},"end":{"line":60,"column":50}}]},"33":{"type":"branch","line":61,"loc":{"start":{"line":61,"column":21},"end":{"line":61,"column":38}},"locations":[{"start":{"line":61,"column":21},"end":{"line":61,"column":38}}]},"34":{"type":"branch","line":63,"loc":{"start":{"line":63,"column":11},"end":{"line":65,"column":6}},"locations":[{"start":{"line":63,"column":11},"end":{"line":65,"column":6}}]},"35":{"type":"branch","line":68,"loc":{"start":{"line":68,"column":41},"end":{"line":74,"column":5}},"locations":[{"start":{"line":68,"column":41},"end":{"line":74,"column":5}}]},"36":{"type":"branch","line":71,"loc":{"start":{"line":71,"column":4},"end":{"line":73,"column":5}},"locations":[{"start":{"line":71,"column":4},"end":{"line":73,"column":5}}]},"37":{"type":"branch","line":84,"loc":{"start":{"line":84,"column":30},"end":{"line":93,"column":5}},"locations":[{"start":{"line":84,"column":30},"end":{"line":93,"column":5}}]},"38":{"type":"branch","line":85,"loc":{"start":{"line":85,"column":9},"end":{"line":85,"column":55}},"locations":[{"start":{"line":85,"column":9},"end":{"line":85,"column":55}}]},"39":{"type":"branch","line":85,"loc":{"start":{"line":85,"column":55},"end":{"line":87,"column":5}},"locations":[{"start":{"line":85,"column":55},"end":{"line":87,"column":5}}]},"40":{"type":"branch","line":87,"loc":{"start":{"line":87,"column":4},"end":{"line":89,"column":36}},"locations":[{"start":{"line":87,"column":4},"end":{"line":89,"column":36}}]},"41":{"type":"branch","line":89,"loc":{"start":{"line":89,"column":27},"end":{"line":89,"column":59}},"locations":[{"start":{"line":89,"column":27},"end":{"line":89,"column":59}}]},"42":{"type":"branch","line":89,"loc":{"start":{"line":89,"column":50},"end":{"line":89,"column":64}},"locations":[{"start":{"line":89,"column":50},"end":{"line":89,"column":64}}]},"43":{"type":"branch","line":90,"loc":{"start":{"line":90,"column":30},"end":{"line":90,"column":69}},"locations":[{"start":{"line":90,"column":30},"end":{"line":90,"column":69}}]},"44":{"type":"branch","line":90,"loc":{"start":{"line":90,"column":56},"end":{"line":90,"column":74}},"locations":[{"start":{"line":90,"column":56},"end":{"line":90,"column":74}}]},"45":{"type":"branch","line":91,"loc":{"start":{"line":91,"column":28},"end":{"line":91,"column":68}},"locations":[{"start":{"line":91,"column":28},"end":{"line":91,"column":68}}]},"46":{"type":"branch","line":91,"loc":{"start":{"line":91,"column":52},"end":{"line":91,"column":73}},"locations":[{"start":{"line":91,"column":52},"end":{"line":91,"column":73}}]},"47":{"type":"branch","line":120,"loc":{"start":{"line":120,"column":32},"end":{"line":132,"column":27}},"locations":[{"start":{"line":120,"column":32},"end":{"line":132,"column":27}}]},"48":{"type":"branch","line":126,"loc":{"start":{"line":126,"column":44},"end":{"line":127,"column":118}},"locations":[{"start":{"line":126,"column":44},"end":{"line":127,"column":118}}]},"49":{"type":"branch","line":127,"loc":{"start":{"line":127,"column":26},"end":{"line":128,"column":63}},"locations":[{"start":{"line":127,"column":26},"end":{"line":128,"column":63}}]}},"b":{"0":[5],"1":[2],"2":[3],"3":[0],"4":[0],"5":[0],"6":[0],"7":[1],"8":[0],"9":[2],"10":[1],"11":[1],"12":[5],"13":[5],"14":[5],"15":[5],"16":[5],"17":[5],"18":[5],"19":[5],"20":[5],"21":[5],"22":[5],"23":[5],"24":[5],"25":[5],"26":[0],"27":[5],"28":[3],"29":[2],"30":[3],"31":[5],"32":[0],"33":[0],"34":[5],"35":[1],"36":[0],"37":[5],"38":[2],"39":[3],"40":[2],"41":[0],"42":[0],"43":[0],"44":[0],"45":[0],"46":[0],"47":[25],"48":[5],"49":[20]},"fnMap":{"0":{"name":"Dashboard","decl":{"start":{"line":14,"column":0},"end":{"line":213,"column":1}},"loc":{"start":{"line":14,"column":0},"end":{"line":213,"column":1}},"line":14},"1":{"name":"onClick","decl":{"start":{"line":124,"column":29},"end":{"line":124,"column":63}},"loc":{"start":{"line":124,"column":29},"end":{"line":124,"column":63}},"line":124}},"f":{"0":5,"1":0}}
,"E:\\Projects\\stockai-pro\\frontend\\src\\pages\\Login.jsx": {"path":"E:\\Projects\\stockai-pro\\frontend\\src\\pages\\Login.jsx","all":false,"statementMap":{"0":{"start":{"line":1,"column":0},"end":{"line":1,"column":60}},"1":{"start":{"line":2,"column":0},"end":{"line":2,"column":47}},"2":{"start":{"line":3,"column":0},"end":{"line":3,"column":53}},"3":{"start":{"line":4,"column":0},"end":{"line":4,"column":8}},"4":{"start":{"line":5,"column":0},"end":{"line":5,"column":16}},"5":{"start":{"line":6,"column":0},"end":{"line":6,"column":13}},"6":{"start":{"line":7,"column":0},"end":{"line":7,"column":6}},"7":{"start":{"line":8,"column":0},"end":{"line":8,"column":9}},"8":{"start":{"line":9,"column":0},"end":{"line":9,"column":7}},"9":{"start":{"line":10,"column":0},"end":{"line":10,"column":14}},"10":{"start":{"line":11,"column":0},"end":{"line":11,"column":7}},"11":{"start":{"line":12,"column":0},"end":{"line":12,"column":11}},"12":{"start":{"line":13,"column":0},"end":{"line":13,"column":10}},"13":{"start":{"line":14,"column":0},"end":{"line":14,"column":22}},"14":{"start":{"line":15,"column":0},"end":{"line":15,"column":0}},"15":{"start":{"line":16,"column":0},"end":{"line":16,"column":33}},"16":{"start":{"line":17,"column":0},"end":{"line":17,"column":33}},"17":{"start":{"line":18,"column":0},"end":{"line":18,"column":53}},"18":{"start":{"line":19,"column":0},"end":{"line":19,"column":53}},"19":{"start":{"line":20,"column":0},"end":{"line":20,"column":63}},"20":{"start":{"line":21,"column":0},"end":{"line":21,"column":0}},"21":{"start":{"line":22,"column":0},"end":{"line":22,"column":41}},"22":{"start":{"line":23,"column":0},"end":{"line":23,"column":47}},"23":{"start":{"line":24,"column":0},"end":{"line":24,"column":54}},"24":{"start":{"line":25,"column":0},"end":{"line":25,"column":58}},"25":{"start":{"line":26,"column":0},"end":{"line":26,"column":54}},"26":{"start":{"line":27,"column":0},"end":{"line":27,"column":0}},"27":{"start":{"line":28,"column":0},"end":{"line":28,"column":19}},"28":{"start":{"line":29,"column":0},"end":{"line":29,"column":34}},"29":{"start":{"line":30,"column":0},"end":{"line":30,"column":17}},"30":{"start":{"line":31,"column":0},"end":{"line":31,"column":32}},"31":{"start":{"line":32,"column":0},"end":{"line":32,"column":72}},"32":{"start":{"line":33,"column":0},"end":{"line":33,"column":21}},"33":{"start":{"line":34,"column":0},"end":{"line":34,"column":27}},"34":{"start":{"line":35,"column":0},"end":{"line":35,"column":26}},"35":{"start":{"line":36,"column":0},"end":{"line":36,"column":5}},"36":{"start":{"line":37,"column":0},"end":{"line":37,"column":19}},"37":{"start":{"line":38,"column":0},"end":{"line":38,"column":0}},"38":{"start":{"line":39,"column":0},"end":{"line":39,"column":106}},"39":{"start":{"line":40,"column":0},"end":{"line":40,"column":0}},"40":{"start":{"line":41,"column":0},"end":{"line":41,"column":41}},"41":{"start":{"line":42,"column":0},"end":{"line":42,"column":27}},"42":{"start":{"line":43,"column":0},"end":{"line":43,"column":25}},"43":{"start":{"line":44,"column":0},"end":{"line":44,"column":24}},"44":{"start":{"line":45,"column":0},"end":{"line":45,"column":17}},"45":{"start":{"line":46,"column":0},"end":{"line":46,"column":4}},"46":{"start":{"line":47,"column":0},"end":{"line":47,"column":81}},"47":{"start":{"line":48,"column":0},"end":{"line":48,"column":25}},"48":{"start":{"line":49,"column":0},"end":{"line":49,"column":18}},"49":{"start":{"line":50,"column":0},"end":{"line":50,"column":23}},"50":{"start":{"line":51,"column":0},"end":{"line":51,"column":85}},"51":{"start":{"line":52,"column":0},"end":{"line":52,"column":14}},"52":{"start":{"line":53,"column":0},"end":{"line":53,"column":60}},"53":{"start":{"line":54,"column":0},"end":{"line":54,"column":7}},"54":{"start":{"line":55,"column":0},"end":{"line":55,"column":29}},"55":{"start":{"line":56,"column":0},"end":{"line":56,"column":5}},"56":{"start":{"line":57,"column":0},"end":{"line":57,"column":4}},"57":{"start":{"line":58,"column":0},"end":{"line":58,"column":0}},"58":{"start":{"line":59,"column":0},"end":{"line":59,"column":10}},"59":{"start":{"line":60,"column":0},"end":{"line":60,"column":149}},"60":{"start":{"line":61,"column":0},"end":{"line":61,"column":6}},"61":{"start":{"line":62,"column":0},"end":{"line":62,"column":44}},"62":{"start":{"line":63,"column":0},"end":{"line":63,"column":75}},"63":{"start":{"line":64,"column":0},"end":{"line":64,"column":13}},"64":{"start":{"line":65,"column":0},"end":{"line":65,"column":202}},"65":{"start":{"line":66,"column":0},"end":{"line":66,"column":18}},"66":{"start":{"line":67,"column":0},"end":{"line":67,"column":54}},"67":{"start":{"line":68,"column":0},"end":{"line":68,"column":12}},"68":{"start":{"line":69,"column":0},"end":{"line":69,"column":10}},"69":{"start":{"line":70,"column":0},"end":{"line":70,"column":12}},"70":{"start":{"line":71,"column":0},"end":{"line":71,"column":0}},"71":{"start":{"line":72,"column":0},"end":{"line":72,"column":78}},"72":{"start":{"line":73,"column":0},"end":{"line":73,"column":15}},"73":{"start":{"line":74,"column":0},"end":{"line":74,"column":29}},"74":{"start":{"line":75,"column":0},"end":{"line":75,"column":42}},"75":{"start":{"line":76,"column":0},"end":{"line":76,"column":50}},"76":{"start":{"line":77,"column":0},"end":{"line":77,"column":9}},"77":{"start":{"line":78,"column":0},"end":{"line":78,"column":31}},"78":{"start":{"line":79,"column":0},"end":{"line":79,"column":57}},"79":{"start":{"line":80,"column":0},"end":{"line":80,"column":56}},"80":{"start":{"line":81,"column":0},"end":{"line":81,"column":9}},"81":{"start":{"line":82,"column":0},"end":{"line":82,"column":16}},"82":{"start":{"line":83,"column":0},"end":{"line":83,"column":0}},"83":{"start":{"line":84,"column":0},"end":{"line":84,"column":54}},"84":{"start":{"line":85,"column":0},"end":{"line":85,"column":11}},"85":{"start":{"line":86,"column":0},"end":{"line":86,"column":104}},"86":{"start":{"line":87,"column":0},"end":{"line":87,"column":16}},"87":{"start":{"line":88,"column":0},"end":{"line":88,"column":58}},"88":{"start":{"line":89,"column":0},"end":{"line":89,"column":10}},"89":{"start":{"line":90,"column":0},"end":{"line":90,"column":7}},"90":{"start":{"line":91,"column":0},"end":{"line":91,"column":134}},"91":{"start":{"line":92,"column":0},"end":{"line":92,"column":203}},"92":{"start":{"line":93,"column":0},"end":{"line":93,"column":177}},"93":{"start":{"line":94,"column":0},"end":{"line":94,"column":16}},"94":{"start":{"line":95,"column":0},"end":{"line":95,"column":73}},"95":{"start":{"line":96,"column":0},"end":{"line":96,"column":54}},"96":{"start":{"line":97,"column":0},"end":{"line":97,"column":60}},"97":{"start":{"line":98,"column":0},"end":{"line":98,"column":29}},"98":{"start":{"line":99,"column":0},"end":{"line":99,"column":17}},"99":{"start":{"line":100,"column":0},"end":{"line":100,"column":14}},"100":{"start":{"line":101,"column":0},"end":{"line":101,"column":12}},"101":{"start":{"line":102,"column":0},"end":{"line":102,"column":0}},"102":{"start":{"line":103,"column":0},"end":{"line":103,"column":49}},"103":{"start":{"line":104,"column":0},"end":{"line":104,"column":122}},"104":{"start":{"line":105,"column":0},"end":{"line":105,"column":126}},"105":{"start":{"line":106,"column":0},"end":{"line":106,"column":0}},"106":{"start":{"line":107,"column":0},"end":{"line":107,"column":52}},"107":{"start":{"line":108,"column":0},"end":{"line":108,"column":63}},"108":{"start":{"line":109,"column":0},"end":{"line":109,"column":8}},"109":{"start":{"line":110,"column":0},"end":{"line":110,"column":40}},"110":{"start":{"line":111,"column":0},"end":{"line":111,"column":69}},"111":{"start":{"line":112,"column":0},"end":{"line":112,"column":167}},"112":{"start":{"line":113,"column":0},"end":{"line":113,"column":57}},"113":{"start":{"line":114,"column":0},"end":{"line":114,"column":16}},"114":{"start":{"line":115,"column":0},"end":{"line":115,"column":86}},"115":{"start":{"line":116,"column":0},"end":{"line":116,"column":106}},"116":{"start":{"line":117,"column":0},"end":{"line":117,"column":14}},"117":{"start":{"line":118,"column":0},"end":{"line":118,"column":0}},"118":{"start":{"line":119,"column":0},"end":{"line":119,"column":48}},"119":{"start":{"line":120,"column":0},"end":{"line":120,"column":14}},"120":{"start":{"line":121,"column":0},"end":{"line":121,"column":34}},"121":{"start":{"line":122,"column":0},"end":{"line":122,"column":226}},"122":{"start":{"line":123,"column":0},"end":{"line":123,"column":9}},"123":{"start":{"line":124,"column":0},"end":{"line":124,"column":66}},"124":{"start":{"line":125,"column":0},"end":{"line":125,"column":17}},"125":{"start":{"line":126,"column":0},"end":{"line":126,"column":111}},"126":{"start":{"line":127,"column":0},"end":{"line":127,"column":78}},"127":{"start":{"line":128,"column":0},"end":{"line":128,"column":18}},"128":{"start":{"line":129,"column":0},"end":{"line":129,"column":183}},"129":{"start":{"line":130,"column":0},"end":{"line":130,"column":69}},"130":{"start":{"line":131,"column":0},"end":{"line":131,"column":18}},"131":{"start":{"line":132,"column":0},"end":{"line":132,"column":16}},"132":{"start":{"line":133,"column":0},"end":{"line":133,"column":0}},"133":{"start":{"line":134,"column":0},"end":{"line":134,"column":37}},"134":{"start":{"line":135,"column":0},"end":{"line":135,"column":12}},"135":{"start":{"line":136,"column":0},"end":{"line":136,"column":31}},"136":{"start":{"line":137,"column":0},"end":{"line":137,"column":37}},"137":{"start":{"line":138,"column":0},"end":{"line":138,"column":118}},"138":{"start":{"line":139,"column":0},"end":{"line":139,"column":45}},"139":{"start":{"line":140,"column":0},"end":{"line":140,"column":102}},"140":{"start":{"line":141,"column":0},"end":{"line":141,"column":22}},"141":{"start":{"line":142,"column":0},"end":{"line":142,"column":30}},"142":{"start":{"line":143,"column":0},"end":{"line":143,"column":31}},"143":{"start":{"line":144,"column":0},"end":{"line":144,"column":40}},"144":{"start":{"line":145,"column":0},"end":{"line":145,"column":49}},"145":{"start":{"line":146,"column":0},"end":{"line":146,"column":33}},"146":{"start":{"line":147,"column":0},"end":{"line":147,"column":20}},"147":{"start":{"line":148,"column":0},"end":{"line":148,"column":258}},"148":{"start":{"line":149,"column":0},"end":{"line":149,"column":45}},"149":{"start":{"line":150,"column":0},"end":{"line":150,"column":38}},"150":{"start":{"line":151,"column":0},"end":{"line":151,"column":26}},"151":{"start":{"line":152,"column":0},"end":{"line":152,"column":18}},"152":{"start":{"line":153,"column":0},"end":{"line":153,"column":20}},"153":{"start":{"line":154,"column":0},"end":{"line":154,"column":20}},"154":{"start":{"line":155,"column":0},"end":{"line":155,"column":0}},"155":{"start":{"line":156,"column":0},"end":{"line":156,"column":34}},"156":{"start":{"line":157,"column":0},"end":{"line":157,"column":37}},"157":{"start":{"line":158,"column":0},"end":{"line":158,"column":118}},"158":{"start":{"line":159,"column":0},"end":{"line":159,"column":45}},"159":{"start":{"line":160,"column":0},"end":{"line":160,"column":102}},"160":{"start":{"line":161,"column":0},"end":{"line":161,"column":22}},"161":{"start":{"line":162,"column":0},"end":{"line":162,"column":59}},"162":{"start":{"line":163,"column":0},"end":{"line":163,"column":34}},"163":{"start":{"line":164,"column":0},"end":{"line":164,"column":40}},"164":{"start":{"line":165,"column":0},"end":{"line":165,"column":52}},"165":{"start":{"line":166,"column":0},"end":{"line":166,"column":33}},"166":{"start":{"line":167,"column":0},"end":{"line":167,"column":20}},"167":{"start":{"line":168,"column":0},"end":{"line":168,"column":249}},"168":{"start":{"line":169,"column":0},"end":{"line":169,"column":44}},"169":{"start":{"line":170,"column":0},"end":{"line":170,"column":49}},"170":{"start":{"line":171,"column":0},"end":{"line":171,"column":26}},"171":{"start":{"line":172,"column":0},"end":{"line":172,"column":18}},"172":{"start":{"line":173,"column":0},"end":{"line":173,"column":23}},"173":{"start":{"line":174,"column":0},"end":{"line":174,"column":31}},"174":{"start":{"line":175,"column":0},"end":{"line":175,"column":68}},"175":{"start":{"line":176,"column":0},"end":{"line":176,"column":124}},"176":{"start":{"line":177,"column":0},"end":{"line":177,"column":69}},"177":{"start":{"line":178,"column":0},"end":{"line":178,"column":17}},"178":{"start":{"line":179,"column":0},"end":{"line":179,"column":95}},"179":{"start":{"line":180,"column":0},"end":{"line":180,"column":25}},"180":{"start":{"line":181,"column":0},"end":{"line":181,"column":20}},"181":{"start":{"line":182,"column":0},"end":{"line":182,"column":20}},"182":{"start":{"line":183,"column":0},"end":{"line":183,"column":0}},"183":{"start":{"line":184,"column":0},"end":{"line":184,"column":40}},"184":{"start":{"line":185,"column":0},"end":{"line":185,"column":76}},"185":{"start":{"line":186,"column":0},"end":{"line":186,"column":120}},"186":{"start":{"line":187,"column":0},"end":{"line":187,"column":22}},"187":{"start":{"line":188,"column":0},"end":{"line":188,"column":33}},"188":{"start":{"line":189,"column":0},"end":{"line":189,"column":38}},"189":{"start":{"line":190,"column":0},"end":{"line":190,"column":67}},"190":{"start":{"line":191,"column":0},"end":{"line":191,"column":115}},"191":{"start":{"line":192,"column":0},"end":{"line":192,"column":18}},"192":{"start":{"line":193,"column":0},"end":{"line":193,"column":43}},"193":{"start":{"line":194,"column":0},"end":{"line":194,"column":22}},"194":{"start":{"line":195,"column":0},"end":{"line":195,"column":22}},"195":{"start":{"line":196,"column":0},"end":{"line":196,"column":30}},"196":{"start":{"line":197,"column":0},"end":{"line":197,"column":61}},"197":{"start":{"line":198,"column":0},"end":{"line":198,"column":80}},"198":{"start":{"line":199,"column":0},"end":{"line":199,"column":15}},"199":{"start":{"line":200,"column":0},"end":{"line":200,"column":27}},"200":{"start":{"line":201,"column":0},"end":{"line":201,"column":23}},"201":{"start":{"line":202,"column":0},"end":{"line":202,"column":18}},"202":{"start":{"line":203,"column":0},"end":{"line":203,"column":0}},"203":{"start":{"line":204,"column":0},"end":{"line":204,"column":35}},"204":{"start":{"line":205,"column":0},"end":{"line":205,"column":22}},"205":{"start":{"line":206,"column":0},"end":{"line":206,"column":154}},"206":{"start":{"line":207,"column":0},"end":{"line":207,"column":69}},"207":{"start":{"line":208,"column":0},"end":{"line":208,"column":36}},"208":{"start":{"line":209,"column":0},"end":{"line":209,"column":20}},"209":{"start":{"line":210,"column":0},"end":{"line":210,"column":17}},"210":{"start":{"line":211,"column":0},"end":{"line":211,"column":151}},"211":{"start":{"line":212,"column":0},"end":{"line":212,"column":77}},"212":{"start":{"line":213,"column":0},"end":{"line":213,"column":70}},"213":{"start":{"line":214,"column":0},"end":{"line":214,"column":20}},"214":{"start":{"line":215,"column":0},"end":{"line":215,"column":14}},"215":{"start":{"line":216,"column":0},"end":{"line":216,"column":0}},"216":{"start":{"line":217,"column":0},"end":{"line":217,"column":33}},"217":{"start":{"line":218,"column":0},"end":{"line":218,"column":19}},"218":{"start":{"line":219,"column":0},"end":{"line":219,"column":27}},"219":{"start":{"line":220,"column":0},"end":{"line":220,"column":33}},"220":{"start":{"line":221,"column":0},"end":{"line":221,"column":125}},"221":{"start":{"line":222,"column":0},"end":{"line":222,"column":91}},"222":{"start":{"line":223,"column":0},"end":{"line":223,"column":179}},"223":{"start":{"line":224,"column":0},"end":{"line":224,"column":13}},"224":{"start":{"line":225,"column":0},"end":{"line":225,"column":73}},"225":{"start":{"line":226,"column":0},"end":{"line":226,"column":71}},"226":{"start":{"line":227,"column":0},"end":{"line":227,"column":21}},"227":{"start":{"line":228,"column":0},"end":{"line":228,"column":0}},"228":{"start":{"line":229,"column":0},"end":{"line":229,"column":42}},"229":{"start":{"line":230,"column":0},"end":{"line":230,"column":81}},"230":{"start":{"line":231,"column":0},"end":{"line":231,"column":66}},"231":{"start":{"line":232,"column":0},"end":{"line":232,"column":22}},"232":{"start":{"line":233,"column":0},"end":{"line":233,"column":30}},"233":{"start":{"line":234,"column":0},"end":{"line":234,"column":52}},"234":{"start":{"line":235,"column":0},"end":{"line":235,"column":93}},"235":{"start":{"line":236,"column":0},"end":{"line":236,"column":15}},"236":{"start":{"line":237,"column":0},"end":{"line":237,"column":30}},"237":{"start":{"line":238,"column":0},"end":{"line":238,"column":23}},"238":{"start":{"line":239,"column":0},"end":{"line":239,"column":18}},"239":{"start":{"line":240,"column":0},"end":{"line":240,"column":0}},"240":{"start":{"line":241,"column":0},"end":{"line":241,"column":20}},"241":{"start":{"line":242,"column":0},"end":{"line":242,"column":28}},"242":{"start":{"line":243,"column":0},"end":{"line":243,"column":44}},"243":{"start":{"line":244,"column":0},"end":{"line":244,"column":115}},"244":{"start":{"line":245,"column":0},"end":{"line":245,"column":13}},"245":{"start":{"line":246,"column":0},"end":{"line":246,"column":29}},"246":{"start":{"line":247,"column":0},"end":{"line":247,"column":21}},"247":{"start":{"line":248,"column":0},"end":{"line":248,"column":16}},"248":{"start":{"line":249,"column":0},"end":{"line":249,"column":15}},"249":{"start":{"line":250,"column":0},"end":{"line":250,"column":12}},"250":{"start":{"line":251,"column":0},"end":{"line":251,"column":10}},"251":{"start":{"line":252,"column":0},"end":{"line":252,"column":4}},"252":{"start":{"line":253,"column":0},"end":{"line":253,"column":1}}},"s":{"0":1,"1":1,"2":1,"3":1,"4":1,"5":1,"6":1,"7":1,"8":1,"9":1,"10":1,"11":1,"12":1,"13":1,"14":1,"15":10,"16":10,"17":10,"18":10,"19":10,"20":10,"21":10,"22":10,"23":10,"24":10,"25":10,"26":10,"27":10,"28":4,"29":4,"30":4,"31":4,"32":4,"33":0,"34":0,"35":0,"36":10,"37":10,"38":10,"39":10,"40":10,"41":1,"42":1,"43":1,"44":1,"45":1,"46":1,"47":1,"48":1,"49":1,"50":0,"51":1,"52":1,"53":1,"54":1,"55":1,"56":1,"57":10,"58":10,"59":10,"60":10,"61":10,"62":10,"63":10,"64":10,"65":10,"66":10,"67":10,"68":10,"69":10,"70":10,"71":10,"72":10,"73":10,"74":10,"75":10,"76":10,"77":10,"78":10,"79":10,"80":10,"81":10,"82":10,"83":10,"84":10,"85":10,"86":10,"87":10,"88":10,"89":10,"90":10,"91":10,"92":10,"93":10,"94":10,"95":10,"96":10,"97":10,"98":10,"99":10,"100":10,"101":10,"102":10,"103":10,"104":10,"105":10,"106":10,"107":10,"108":10,"109":10,"110":10,"111":10,"112":10,"113":10,"114":10,"115":10,"116":10,"117":10,"118":10,"119":10,"120":10,"121":10,"122":10,"123":10,"124":10,"125":10,"126":10,"127":10,"128":10,"129":10,"130":10,"131":10,"132":10,"133":10,"134":10,"135":10,"136":10,"137":10,"138":10,"139":10,"140":10,"141":10,"142":10,"143":10,"144":2,"145":2,"146":2,"147":10,"148":10,"149":10,"150":10,"151":10,"152":10,"153":10,"154":10,"155":10,"156":10,"157":10,"158":10,"159":10,"160":10,"161":10,"162":10,"163":10,"164":2,"165":2,"166":2,"167":10,"168":10,"169":10,"170":10,"171":10,"172":10,"173":10,"174":10,"175":10,"176":10,"177":10,"178":10,"179":10,"180":10,"181":10,"182":10,"183":10,"184":10,"185":10,"186":10,"187":10,"188":10,"189":10,"190":10,"191":10,"192":10,"193":10,"194":10,"195":10,"196":10,"197":10,"198":10,"199":10,"200":10,"201":10,"202":10,"203":10,"204":10,"205":1,"206":1,"207":1,"208":1,"209":9,"210":9,"211":9,"212":9,"213":9,"214":10,"215":10,"216":10,"217":10,"218":10,"219":10,"220":10,"221":7,"222":10,"223":10,"224":10,"225":10,"226":10,"227":10,"228":10,"229":10,"230":10,"231":10,"232":10,"233":10,"234":10,"235":10,"236":10,"237":10,"238":10,"239":10,"240":10,"241":10,"242":10,"243":10,"244":10,"245":10,"246":10,"247":10,"248":10,"249":10,"250":10,"251":10,"252":10},"branchMap":{"0":{"type":"branch","line":16,"loc":{"start":{"line":16,"column":0},"end":{"line":253,"column":1}},"locations":[{"start":{"line":16,"column":0},"end":{"line":253,"column":1}}]},"1":{"type":"branch","line":162,"loc":{"start":{"line":162,"column":24},"end":{"line":162,"column":48}},"locations":[{"start":{"line":162,"column":24},"end":{"line":162,"column":48}}]},"2":{"type":"branch","line":177,"loc":{"start":{"line":177,"column":30},"end":{"line":177,"column":58}},"locations":[{"start":{"line":177,"column":30},"end":{"line":177,"column":58}}]},"3":{"type":"branch","line":179,"loc":{"start":{"line":179,"column":19},"end":{"line":179,"column":67}},"locations":[{"start":{"line":179,"column":19},"end":{"line":179,"column":67}}]},"4":{"type":"branch","line":205,"loc":{"start":{"line":205,"column":13},"end":{"line":209,"column":20}},"locations":[{"start":{"line":205,"column":13},"end":{"line":209,"column":20}}]},"5":{"type":"branch","line":209,"loc":{"start":{"line":209,"column":14},"end":{"line":214,"column":20}},"locations":[{"start":{"line":209,"column":14},"end":{"line":214,"column":20}}]},"6":{"type":"branch","line":221,"loc":{"start":{"line":221,"column":117},"end":{"line":222,"column":91}},"locations":[{"start":{"line":221,"column":117},"end":{"line":222,"column":91}}]},"7":{"type":"branch","line":222,"loc":{"start":{"line":222,"column":18},"end":{"line":223,"column":176}},"locations":[{"start":{"line":222,"column":18},"end":{"line":223,"column":176}}]},"8":{"type":"branch","line":225,"loc":{"start":{"line":225,"column":15},"end":{"line":225,"column":55}},"locations":[{"start":{"line":225,"column":15},"end":{"line":225,"column":55}}]},"9":{"type":"branch","line":225,"loc":{"start":{"line":225,"column":28},"end":{"line":225,"column":73}},"locations":[{"start":{"line":225,"column":28},"end":{"line":225,"column":73}}]},"10":{"type":"branch","line":226,"loc":{"start":{"line":226,"column":16},"end":{"line":226,"column":66}},"locations":[{"start":{"line":226,"column":16},"end":{"line":226,"column":66}}]},"11":{"type":"branch","line":226,"loc":{"start":{"line":226,"column":61},"end":{"line":226,"column":71}},"locations":[{"start":{"line":226,"column":61},"end":{"line":226,"column":71}}]},"12":{"type":"branch","line":18,"loc":{"start":{"line":18,"column":29},"end":{"line":18,"column":51}},"locations":[{"start":{"line":18,"column":29},"end":{"line":18,"column":51}}]},"13":{"type":"branch","line":19,"loc":{"start":{"line":19,"column":29},"end":{"line":19,"column":51}},"locations":[{"start":{"line":19,"column":29},"end":{"line":19,"column":51}}]},"14":{"type":"branch","line":20,"loc":{"start":{"line":20,"column":34},"end":{"line":20,"column":61}},"locations":[{"start":{"line":20,"column":34},"end":{"line":20,"column":61}}]},"15":{"type":"branch","line":28,"loc":{"start":{"line":28,"column":12},"end":{"line":37,"column":5}},"locations":[{"start":{"line":28,"column":12},"end":{"line":37,"column":5}}]},"16":{"type":"branch","line":33,"loc":{"start":{"line":33,"column":20},"end":{"line":36,"column":5}},"locations":[{"start":{"line":33,"column":20},"end":{"line":36,"column":5}}]},"17":{"type":"branch","line":39,"loc":{"start":{"line":39,"column":27},"end":{"line":39,"column":75}},"locations":[{"start":{"line":39,"column":27},"end":{"line":39,"column":75}}]},"18":{"type":"branch","line":39,"loc":{"start":{"line":39,"column":45},"end":{"line":39,"column":63}},"locations":[{"start":{"line":39,"column":45},"end":{"line":39,"column":63}}]},"19":{"type":"branch","line":39,"loc":{"start":{"line":39,"column":51},"end":{"line":39,"column":75}},"locations":[{"start":{"line":39,"column":51},"end":{"line":39,"column":75}}]},"20":{"type":"branch","line":41,"loc":{"start":{"line":41,"column":23},"end":{"line":57,"column":4}},"locations":[{"start":{"line":41,"column":23},"end":{"line":57,"column":4}}]},"21":{"type":"branch","line":43,"loc":{"start":{"line":43,"column":18},"end":{"line":43,"column":25}},"locations":[{"start":{"line":43,"column":18},"end":{"line":43,"column":25}}]},"22":{"type":"branch","line":50,"loc":{"start":{"line":50,"column":22},"end":{"line":52,"column":13}},"locations":[{"start":{"line":50,"column":22},"end":{"line":52,"column":13}}]},"23":{"type":"branch","line":144,"loc":{"start":{"line":144,"column":28},"end":{"line":147,"column":20}},"locations":[{"start":{"line":144,"column":28},"end":{"line":147,"column":20}}]},"24":{"type":"branch","line":164,"loc":{"start":{"line":164,"column":28},"end":{"line":167,"column":20}},"locations":[{"start":{"line":164,"column":28},"end":{"line":167,"column":20}}]}},"b":{"0":[10],"1":[0],"2":[0],"3":[0],"4":[1],"5":[9],"6":[7],"7":[3],"8":[1],"9":[9],"10":[9],"11":[1],"12":[10],"13":[10],"14":[10],"15":[4],"16":[0],"17":[10],"18":[6],"19":[4],"20":[1],"21":[0],"22":[0],"23":[2],"24":[2]},"fnMap":{"0":{"name":"Login","decl":{"start":{"line":16,"column":0},"end":{"line":253,"column":1}},"loc":{"start":{"line":16,"column":0},"end":{"line":253,"column":1}},"line":16},"1":{"name":"handleSubmit","decl":{"start":{"line":41,"column":23},"end":{"line":57,"column":4}},"loc":{"start":{"line":41,"column":23},"end":{"line":57,"column":4}},"line":41},"2":{"name":"onChange","decl":{"start":{"line":144,"column":28},"end":{"line":147,"column":20}},"loc":{"start":{"line":144,"column":28},"end":{"line":147,"column":20}},"line":144},"3":{"name":"onChange","decl":{"start":{"line":164,"column":28},"end":{"line":167,"column":20}},"loc":{"start":{"line":164,"column":28},"end":{"line":167,"column":20}},"line":164},"4":{"name":"onClick","decl":{"start":{"line":175,"column":27},"end":{"line":175,"column":68}},"loc":{"start":{"line":175,"column":27},"end":{"line":175,"column":68}},"line":175},"5":{"name":"onChange","decl":{"start":{"line":190,"column":28},"end":{"line":190,"column":67}},"loc":{"start":{"line":190,"column":28},"end":{"line":190,"column":67}},"line":190},"6":{"name":"onClick","decl":{"start":{"line":197,"column":25},"end":{"line":197,"column":61}},"loc":{"start":{"line":197,"column":25},"end":{"line":197,"column":61}},"line":197},"7":{"name":"onClick","decl":{"start":{"line":234,"column":25},"end":{"line":234,"column":52}},"loc":{"start":{"line":234,"column":25},"end":{"line":234,"column":52}},"line":234},"8":{"name":"onClick","decl":{"start":{"line":243,"column":23},"end":{"line":243,"column":44}},"loc":{"start":{"line":243,"column":23},"end":{"line":243,"column":44}},"line":243}},"f":{"0":10,"1":1,"2":2,"3":2,"4":0,"5":0,"6":0,"7":0,"8":0}}
,"E:\\Projects\\stockai-pro\\frontend\\src\\pages\\Portfolio.jsx": {"path":"E:\\Projects\\stockai-pro\\frontend\\src\\pages\\Portfolio.jsx","all":false,"statementMap":{"0":{"start":{"line":1,"column":0},"end":{"line":1,"column":39}},"1":{"start":{"line":2,"column":0},"end":{"line":2,"column":102}},"2":{"start":{"line":3,"column":0},"end":{"line":3,"column":81}},"3":{"start":{"line":4,"column":0},"end":{"line":4,"column":45}},"4":{"start":{"line":5,"column":0},"end":{"line":5,"column":40}},"5":{"start":{"line":6,"column":0},"end":{"line":6,"column":0}},"6":{"start":{"line":7,"column":0},"end":{"line":7,"column":53}},"7":{"start":{"line":8,"column":0},"end":{"line":8,"column":49}},"8":{"start":{"line":9,"column":0},"end":{"line":9,"column":39}},"9":{"start":{"line":10,"column":0},"end":{"line":10,"column":51}},"10":{"start":{"line":11,"column":0},"end":{"line":11,"column":75}},"11":{"start":{"line":12,"column":0},"end":{"line":12,"column":44}},"12":{"start":{"line":13,"column":0},"end":{"line":13,"column":49}},"13":{"start":{"line":14,"column":0},"end":{"line":14,"column":12}},"14":{"start":{"line":15,"column":0},"end":{"line":15,"column":28}},"15":{"start":{"line":16,"column":0},"end":{"line":16,"column":47}},"16":{"start":{"line":17,"column":0},"end":{"line":17,"column":6}},"17":{"start":{"line":18,"column":0},"end":{"line":18,"column":5}},"18":{"start":{"line":19,"column":0},"end":{"line":19,"column":2}},"19":{"start":{"line":20,"column":0},"end":{"line":20,"column":0}},"20":{"start":{"line":21,"column":0},"end":{"line":21,"column":37}},"21":{"start":{"line":22,"column":0},"end":{"line":22,"column":67}},"22":{"start":{"line":23,"column":0},"end":{"line":23,"column":32}},"23":{"start":{"line":24,"column":0},"end":{"line":24,"column":59}},"24":{"start":{"line":25,"column":0},"end":{"line":25,"column":79}},"25":{"start":{"line":26,"column":0},"end":{"line":26,"column":108}},"26":{"start":{"line":27,"column":0},"end":{"line":27,"column":32}},"27":{"start":{"line":28,"column":0},"end":{"line":28,"column":109}},"28":{"start":{"line":29,"column":0},"end":{"line":29,"column":19}},"29":{"start":{"line":30,"column":0},"end":{"line":30,"column":4}},"30":{"start":{"line":31,"column":0},"end":{"line":31,"column":0}},"31":{"start":{"line":32,"column":0},"end":{"line":32,"column":10}},"32":{"start":{"line":33,"column":0},"end":{"line":33,"column":60}},"33":{"start":{"line":34,"column":0},"end":{"line":34,"column":130}},"34":{"start":{"line":35,"column":0},"end":{"line":35,"column":110}},"35":{"start":{"line":36,"column":0},"end":{"line":36,"column":86}},"36":{"start":{"line":37,"column":0},"end":{"line":37,"column":13}},"37":{"start":{"line":38,"column":0},"end":{"line":38,"column":0}},"38":{"start":{"line":39,"column":0},"end":{"line":39,"column":80}},"39":{"start":{"line":40,"column":0},"end":{"line":40,"column":63}},"40":{"start":{"line":41,"column":0},"end":{"line":41,"column":96}},"41":{"start":{"line":42,"column":0},"end":{"line":42,"column":106}},"42":{"start":{"line":43,"column":0},"end":{"line":43,"column":15}},"43":{"start":{"line":44,"column":0},"end":{"line":44,"column":63}},"44":{"start":{"line":45,"column":0},"end":{"line":45,"column":95}},"45":{"start":{"line":46,"column":0},"end":{"line":46,"column":109}},"46":{"start":{"line":47,"column":0},"end":{"line":47,"column":15}},"47":{"start":{"line":48,"column":0},"end":{"line":48,"column":63}},"48":{"start":{"line":49,"column":0},"end":{"line":49,"column":86}},"49":{"start":{"line":50,"column":0},"end":{"line":50,"column":109}},"50":{"start":{"line":51,"column":0},"end":{"line":51,"column":62}},"51":{"start":{"line":52,"column":0},"end":{"line":52,"column":14}},"52":{"start":{"line":53,"column":0},"end":{"line":53,"column":15}},"53":{"start":{"line":54,"column":0},"end":{"line":54,"column":63}},"54":{"start":{"line":55,"column":0},"end":{"line":55,"column":94}},"55":{"start":{"line":56,"column":0},"end":{"line":56,"column":135}},"56":{"start":{"line":57,"column":0},"end":{"line":57,"column":15}},"57":{"start":{"line":58,"column":0},"end":{"line":58,"column":16}},"58":{"start":{"line":59,"column":0},"end":{"line":59,"column":0}},"59":{"start":{"line":60,"column":0},"end":{"line":60,"column":85}},"60":{"start":{"line":61,"column":0},"end":{"line":61,"column":63}},"61":{"start":{"line":62,"column":0},"end":{"line":62,"column":72}},"62":{"start":{"line":63,"column":0},"end":{"line":63,"column":17}},"63":{"start":{"line":64,"column":0},"end":{"line":64,"column":96}},"64":{"start":{"line":65,"column":0},"end":{"line":65,"column":90}},"65":{"start":{"line":66,"column":0},"end":{"line":66,"column":18}},"66":{"start":{"line":67,"column":0},"end":{"line":67,"column":134}},"67":{"start":{"line":68,"column":0},"end":{"line":68,"column":16}},"68":{"start":{"line":69,"column":0},"end":{"line":69,"column":0}},"69":{"start":{"line":70,"column":0},"end":{"line":70,"column":44}},"70":{"start":{"line":71,"column":0},"end":{"line":71,"column":60}},"71":{"start":{"line":72,"column":0},"end":{"line":72,"column":43}},"72":{"start":{"line":73,"column":0},"end":{"line":73,"column":22}},"73":{"start":{"line":74,"column":0},"end":{"line":74,"column":83}},"74":{"start":{"line":75,"column":0},"end":{"line":75,"column":79}},"75":{"start":{"line":76,"column":0},"end":{"line":76,"column":80}},"76":{"start":{"line":77,"column":0},"end":{"line":77,"column":35}},"77":{"start":{"line":78,"column":0},"end":{"line":78,"column":23}},"78":{"start":{"line":79,"column":0},"end":{"line":79,"column":104}},"79":{"start":{"line":80,"column":0},"end":{"line":80,"column":115}},"80":{"start":{"line":81,"column":0},"end":{"line":81,"column":159}},"81":{"start":{"line":82,"column":0},"end":{"line":82,"column":24}},"82":{"start":{"line":83,"column":0},"end":{"line":83,"column":33}},"83":{"start":{"line":84,"column":0},"end":{"line":84,"column":47}},"84":{"start":{"line":85,"column":0},"end":{"line":85,"column":63}},"85":{"start":{"line":86,"column":0},"end":{"line":86,"column":41}},"86":{"start":{"line":87,"column":0},"end":{"line":87,"column":37}},"87":{"start":{"line":88,"column":0},"end":{"line":88,"column":20}},"88":{"start":{"line":89,"column":0},"end":{"line":89,"column":97}},"89":{"start":{"line":90,"column":0},"end":{"line":90,"column":18}},"90":{"start":{"line":91,"column":0},"end":{"line":91,"column":120}},"91":{"start":{"line":92,"column":0},"end":{"line":92,"column":26}},"92":{"start":{"line":93,"column":0},"end":{"line":93,"column":34}},"93":{"start":{"line":94,"column":0},"end":{"line":94,"column":16}},"94":{"start":{"line":95,"column":0},"end":{"line":95,"column":15}},"95":{"start":{"line":96,"column":0},"end":{"line":96,"column":0}},"96":{"start":{"line":97,"column":0},"end":{"line":97,"column":63}},"97":{"start":{"line":98,"column":0},"end":{"line":98,"column":98}},"98":{"start":{"line":99,"column":0},"end":{"line":99,"column":78}},"99":{"start":{"line":100,"column":0},"end":{"line":100,"column":0}},"100":{"start":{"line":101,"column":0},"end":{"line":101,"column":42}},"101":{"start":{"line":102,"column":0},"end":{"line":102,"column":125}},"102":{"start":{"line":103,"column":0},"end":{"line":103,"column":146}},"103":{"start":{"line":104,"column":0},"end":{"line":104,"column":191}},"104":{"start":{"line":105,"column":0},"end":{"line":105,"column":18}},"105":{"start":{"line":106,"column":0},"end":{"line":106,"column":125}},"106":{"start":{"line":107,"column":0},"end":{"line":107,"column":141}},"107":{"start":{"line":108,"column":0},"end":{"line":108,"column":101}},"108":{"start":{"line":109,"column":0},"end":{"line":109,"column":18}},"109":{"start":{"line":110,"column":0},"end":{"line":110,"column":125}},"110":{"start":{"line":111,"column":0},"end":{"line":111,"column":146}},"111":{"start":{"line":112,"column":0},"end":{"line":112,"column":85}},"112":{"start":{"line":113,"column":0},"end":{"line":113,"column":18}},"113":{"start":{"line":114,"column":0},"end":{"line":114,"column":125}},"114":{"start":{"line":115,"column":0},"end":{"line":115,"column":142}},"115":{"start":{"line":116,"column":0},"end":{"line":116,"column":78}},"116":{"start":{"line":117,"column":0},"end":{"line":117,"column":18}},"117":{"start":{"line":118,"column":0},"end":{"line":118,"column":125}},"118":{"start":{"line":119,"column":0},"end":{"line":119,"column":149}},"119":{"start":{"line":120,"column":0},"end":{"line":120,"column":77}},"120":{"start":{"line":121,"column":0},"end":{"line":121,"column":18}},"121":{"start":{"line":122,"column":0},"end":{"line":122,"column":16}},"122":{"start":{"line":123,"column":0},"end":{"line":123,"column":15}},"123":{"start":{"line":124,"column":0},"end":{"line":124,"column":16}},"124":{"start":{"line":125,"column":0},"end":{"line":125,"column":10}},"125":{"start":{"line":126,"column":0},"end":{"line":126,"column":4}},"126":{"start":{"line":127,"column":0},"end":{"line":127,"column":1}}},"s":{"0":1,"1":1,"2":1,"3":1,"4":1,"5":1,"6":1,"7":4,"8":4,"9":4,"10":180,"11":180,"12":180,"13":180,"14":180,"15":180,"16":180,"17":4,"18":4,"19":1,"20":4,"21":4,"22":4,"23":4,"24":4,"25":4,"26":4,"27":4,"28":4,"29":4,"30":4,"31":4,"32":4,"33":4,"34":4,"35":4,"36":4,"37":4,"38":4,"39":4,"40":4,"41":4,"42":4,"43":4,"44":4,"45":4,"46":4,"47":4,"48":4,"49":4,"50":4,"51":4,"52":4,"53":4,"54":4,"55":4,"56":4,"57":4,"58":4,"59":4,"60":4,"61":4,"62":4,"63":4,"64":4,"65":4,"66":4,"67":4,"68":4,"69":4,"70":4,"71":4,"72":4,"73":4,"74":4,"75":4,"76":4,"77":4,"78":4,"79":4,"80":4,"81":4,"82":4,"83":4,"84":4,"85":4,"86":4,"87":4,"88":4,"89":4,"90":4,"91":4,"92":4,"93":4,"94":4,"95":4,"96":4,"97":4,"98":4,"99":4,"100":4,"101":4,"102":4,"103":4,"104":4,"105":4,"106":4,"107":4,"108":4,"109":4,"110":4,"111":4,"112":4,"113":4,"114":4,"115":4,"116":4,"117":4,"118":4,"119":4,"120":4,"121":4,"122":4,"123":4,"124":4,"125":4,"126":4},"branchMap":{"0":{"type":"branch","line":7,"loc":{"start":{"line":7,"column":24},"end":{"line":19,"column":2}},"locations":[{"start":{"line":7,"column":24},"end":{"line":19,"column":2}}]},"1":{"type":"branch","line":8,"loc":{"start":{"line":8,"column":37},"end":{"line":8,"column":49}},"locations":[{"start":{"line":8,"column":37},"end":{"line":8,"column":49}}]},"2":{"type":"branch","line":9,"loc":{"start":{"line":9,"column":32},"end":{"line":9,"column":39}},"locations":[{"start":{"line":9,"column":32},"end":{"line":9,"column":39}}]},"3":{"type":"branch","line":10,"loc":{"start":{"line":10,"column":36},"end":{"line":18,"column":3}},"locations":[{"start":{"line":10,"column":36},"end":{"line":18,"column":3}}]},"4":{"type":"branch","line":21,"loc":{"start":{"line":21,"column":0},"end":{"line":127,"column":1}},"locations":[{"start":{"line":21,"column":0},"end":{"line":127,"column":1}}]},"5":{"type":"branch","line":24,"loc":{"start":{"line":24,"column":39},"end":{"line":24,"column":59}},"locations":[{"start":{"line":24,"column":39},"end":{"line":24,"column":59}}]},"6":{"type":"branch","line":50,"loc":{"start":{"line":50,"column":69},"end":{"line":50,"column":105}},"locations":[{"start":{"line":50,"column":69},"end":{"line":50,"column":105}}]},"7":{"type":"branch","line":51,"loc":{"start":{"line":51,"column":30},"end":{"line":51,"column":40}},"locations":[{"start":{"line":51,"column":30},"end":{"line":51,"column":40}}]},"8":{"type":"branch","line":104,"loc":{"start":{"line":104,"column":73},"end":{"line":104,"column":109}},"locations":[{"start":{"line":104,"column":73},"end":{"line":104,"column":109}}]},"9":{"type":"branch","line":104,"loc":{"start":{"line":104,"column":139},"end":{"line":104,"column":148}},"locations":[{"start":{"line":104,"column":139},"end":{"line":104,"column":148}}]},"10":{"type":"branch","line":104,"loc":{"start":{"line":104,"column":157},"end":{"line":104,"column":171}},"locations":[{"start":{"line":104,"column":157},"end":{"line":104,"column":171}}]},"11":{"type":"branch","line":108,"loc":{"start":{"line":108,"column":68},"end":{"line":108,"column":80}},"locations":[{"start":{"line":108,"column":68},"end":{"line":108,"column":80}}]},"12":{"type":"branch","line":26,"loc":{"start":{"line":26,"column":29},"end":{"line":26,"column":79}},"locations":[{"start":{"line":26,"column":29},"end":{"line":26,"column":79}}]},"13":{"type":"branch","line":28,"loc":{"start":{"line":28,"column":4},"end":{"line":28,"column":109}},"locations":[{"start":{"line":28,"column":4},"end":{"line":28,"column":109}}]},"14":{"type":"branch","line":28,"loc":{"start":{"line":28,"column":30},"end":{"line":28,"column":106}},"locations":[{"start":{"line":28,"column":30},"end":{"line":28,"column":106}}]},"15":{"type":"branch","line":28,"loc":{"start":{"line":28,"column":93},"end":{"line":28,"column":102}},"locations":[{"start":{"line":28,"column":93},"end":{"line":28,"column":102}}]}},"b":{"0":[4],"1":[0],"2":[0],"3":[180],"4":[4],"5":[0],"6":[0],"7":[0],"8":[0],"9":[0],"10":[0],"11":[0],"12":[4],"13":[4],"14":[4],"15":[0]
[...]
87}},"41":{"start":{"line":42,"column":0},"end":{"line":42,"column":33}},"42":{"start":{"line":43,"column":0},"end":{"line":43,"column":118}},"43":{"start":{"line":44,"column":0},"end":{"line":44,"column":17}},"44":{"start":{"line":45,"column":0},"end":{"line":45,"column":4}},"45":{"start":{"line":46,"column":0},"end":{"line":46,"column":0}},"46":{"start":{"line":47,"column":0},"end":{"line":47,"column":19}},"47":{"start":{"line":48,"column":0},"end":{"line":48,"column":49}},"48":{"start":{"line":49,"column":0},"end":{"line":49,"column":0}},"49":{"start":{"line":50,"column":0},"end":{"line":50,"column":26}},"50":{"start":{"line":51,"column":0},"end":{"line":51,"column":38}},"51":{"start":{"line":52,"column":0},"end":{"line":52,"column":69}},"52":{"start":{"line":53,"column":0},"end":{"line":53,"column":32}},"53":{"start":{"line":54,"column":0},"end":{"line":54,"column":0}},"54":{"start":{"line":55,"column":0},"end":{"line":55,"column":47}},"55":{"start":{"line":56,"column":0},"end":{"line":56,"column":62}},"56":{"start":{"line":57,"column":0},"end":{"line":57,"column":25}},"57":{"start":{"line":58,"column":0},"end":{"line":58,"column":27}},"58":{"start":{"line":59,"column":0},"end":{"line":59,"column":28}},"59":{"start":{"line":60,"column":0},"end":{"line":60,"column":27}},"60":{"start":{"line":61,"column":0},"end":{"line":61,"column":6}},"61":{"start":{"line":62,"column":0},"end":{"line":62,"column":0}},"62":{"start":{"line":63,"column":0},"end":{"line":63,"column":24}},"63":{"start":{"line":64,"column":0},"end":{"line":64,"column":0}},"64":{"start":{"line":65,"column":0},"end":{"line":65,"column":42}},"65":{"start":{"line":66,"column":0},"end":{"line":66,"column":23}},"66":{"start":{"line":67,"column":0},"end":{"line":67,"column":28}},"67":{"start":{"line":68,"column":0},"end":{"line":68,"column":7}},"68":{"start":{"line":69,"column":0},"end":{"line":69,"column":13}},"69":{"start":{"line":70,"column":0},"end":{"line":70,"column":0}},"70":{"start":{"line":71,"column":0},"end":{"line":71,"column":18}},"71":{"start":{"line":72,"column":0},"end":{"line":72,"column":23}},"72":{"start":{"line":73,"column":0},"end":{"line":73,"column":32}},"73":{"start":{"line":74,"column":0},"end":{"line":74,"column":6}},"74":{"start":{"line":75,"column":0},"end":{"line":75,"column":74}},"75":{"start":{"line":76,"column":0},"end":{"line":76,"column":0}},"76":{"start":{"line":77,"column":0},"end":{"line":77,"column":52}},"77":{"start":{"line":78,"column":0},"end":{"line":78,"column":9}},"78":{"start":{"line":79,"column":0},"end":{"line":79,"column":33}},"79":{"start":{"line":80,"column":0},"end":{"line":80,"column":66}},"80":{"start":{"line":81,"column":0},"end":{"line":81,"column":21}},"81":{"start":{"line":82,"column":0},"end":{"line":82,"column":40}},"82":{"start":{"line":83,"column":0},"end":{"line":83,"column":15}},"83":{"start":{"line":84,"column":0},"end":{"line":84,"column":28}},"84":{"start":{"line":85,"column":0},"end":{"line":85,"column":5}},"85":{"start":{"line":86,"column":0},"end":{"line":86,"column":4}},"86":{"start":{"line":87,"column":0},"end":{"line":87,"column":0}},"87":{"start":{"line":88,"column":0},"end":{"line":88,"column":10}},"88":{"start":{"line":89,"column":0},"end":{"line":89,"column":60}},"89":{"start":{"line":90,"column":0},"end":{"line":90,"column":130}},"90":{"start":{"line":91,"column":0},"end":{"line":91,"column":75}},"91":{"start":{"line":92,"column":0},"end":{"line":92,"column":15}},"92":{"start":{"line":93,"column":0},"end":{"line":93,"column":111}},"93":{"start":{"line":94,"column":0},"end":{"line":94,"column":81}},"94":{"start":{"line":95,"column":0},"end":{"line":95,"column":16}},"95":{"start":{"line":96,"column":0},"end":{"line":96,"column":59}},"96":{"start":{"line":97,"column":0},"end":{"line":97,"column":87}},"97":{"start":{"line":98,"column":0},"end":{"line":98,"column":68}},"98":{"start":{"line":99,"column":0},"end":{"line":99,"column":16}},"99":{"start":{"line":100,"column":0},"end":{"line":100,"column":14}},"100":{"start":{"line":101,"column":0},"end":{"line":101,"column":13}},"101":{"start":{"line":102,"column":0},"end":{"line":102,"column":0}},"102":{"start":{"line":103,"column":0},"end":{"line":103,"column":34}},"103":{"start":{"line":104,"column":0},"end":{"line":104,"column":132}},"104":{"start":{"line":105,"column":0},"end":{"line":105,"column":54}},"105":{"start":{"line":106,"column":0},"end":{"line":106,"column":119}},"106":{"start":{"line":107,"column":0},"end":{"line":107,"column":14}},"107":{"start":{"line":108,"column":0},"end":{"line":108,"column":11}},"108":{"start":{"line":109,"column":0},"end":{"line":109,"column":141}},"109":{"start":{"line":110,"column":0},"end":{"line":110,"column":53}},"110":{"start":{"line":111,"column":0},"end":{"line":111,"column":97}},"111":{"start":{"line":112,"column":0},"end":{"line":112,"column":14}},"112":{"start":{"line":113,"column":0},"end":{"line":113,"column":8}},"113":{"start":{"line":114,"column":0},"end":{"line":114,"column":0}},"114":{"start":{"line":115,"column":0},"end":{"line":115,"column":77}},"115":{"start":{"line":116,"column":0},"end":{"line":116,"column":37}},"116":{"start":{"line":117,"column":0},"end":{"line":117,"column":68}},"117":{"start":{"line":118,"column":0},"end":{"line":118,"column":67}},"118":{"start":{"line":119,"column":0},"end":{"line":119,"column":82}},"119":{"start":{"line":120,"column":0},"end":{"line":120,"column":77}},"120":{"start":{"line":121,"column":0},"end":{"line":121,"column":95}},"121":{"start":{"line":122,"column":0},"end":{"line":122,"column":105}},"122":{"start":{"line":123,"column":0},"end":{"line":123,"column":0}},"123":{"start":{"line":124,"column":0},"end":{"line":124,"column":18}},"124":{"start":{"line":125,"column":0},"end":{"line":125,"column":125}},"125":{"start":{"line":126,"column":0},"end":{"line":126,"column":71}},"126":{"start":{"line":127,"column":0},"end":{"line":127,"column":21}},"127":{"start":{"line":128,"column":0},"end":{"line":128,"column":98}},"128":{"start":{"line":129,"column":0},"end":{"line":129,"column":89}},"129":{"start":{"line":130,"column":0},"end":{"line":130,"column":22}},"130":{"start":{"line":131,"column":0},"end":{"line":131,"column":117}},"131":{"start":{"line":132,"column":0},"end":{"line":132,"column":20}},"132":{"start":{"line":133,"column":0},"end":{"line":133,"column":0}},"133":{"start":{"line":134,"column":0},"end":{"line":134,"column":67}},"134":{"start":{"line":135,"column":0},"end":{"line":135,"column":89}},"135":{"start":{"line":136,"column":0},"end":{"line":136,"column":57}},"136":{"start":{"line":137,"column":0},"end":{"line":137,"column":132}},"137":{"start":{"line":138,"column":0},"end":{"line":138,"column":22}},"138":{"start":{"line":139,"column":0},"end":{"line":139,"column":89}},"139":{"start":{"line":140,"column":0},"end":{"line":140,"column":62}},"140":{"start":{"line":141,"column":0},"end":{"line":141,"column":117}},"141":{"start":{"line":142,"column":0},"end":{"line":142,"column":22}},"142":{"start":{"line":143,"column":0},"end":{"line":143,"column":20}},"143":{"start":{"line":144,"column":0},"end":{"line":144,"column":0}},"144":{"start":{"line":145,"column":0},"end":{"line":145,"column":36}},"145":{"start":{"line":146,"column":0},"end":{"line":146,"column":33}},"146":{"start":{"line":147,"column":0},"end":{"line":147,"column":33}},"147":{"start":{"line":148,"column":0},"end":{"line":148,"column":37}},"148":{"start":{"line":149,"column":0},"end":{"line":149,"column":45}},"149":{"start":{"line":150,"column":0},"end":{"line":150,"column":39}},"150":{"start":{"line":151,"column":0},"end":{"line":151,"column":25}},"151":{"start":{"line":152,"column":0},"end":{"line":152,"column":18}},"152":{"start":{"line":153,"column":0},"end":{"line":153,"column":20}},"153":{"start":{"line":154,"column":0},"end":{"line":154,"column":0}},"154":{"start":{"line":155,"column":0},"end":{"line":155,"column":103}},"155":{"start":{"line":156,"column":0},"end":{"line":156,"column":127}},"156":{"start":{"line":157,"column":0},"end":{"line":157,"column":118}},"157":{"start":{"line":158,"column":0},"end":{"line":158,"column":20}},"158":{"start":{"line":159,"column":0},"end":{"line":159,"column":0}},"159":{"start":{"line":160,"column":0},"end":{"line":160,"column":21}},"160":{"start":{"line":161,"column":0},"end":{"line":161,"column":55}},"161":{"start":{"line":162,"column":0},"end":{"line":162,"column":42}},"162":{"start":{"line":163,"column":0},"end":{"line":163,"column":39}},"163":{"start":{"line":164,"column":0},"end":{"line":164,"column":15}},"164":{"start":{"line":165,"column":0},"end":{"line":165,"column":118}},"165":{"start":{"line":166,"column":0},"end":{"line":166,"column":23}},"166":{"start":{"line":167,"column":0},"end":{"line":167,"column":19}},"167":{"start":{"line":168,"column":0},"end":{"line":168,"column":12}},"168":{"start":{"line":169,"column":0},"end":{"line":169,"column":11}},"169":{"start":{"line":170,"column":0},"end":{"line":170,"column":0}},"170":{"start":{"line":171,"column":0},"end":{"line":171,"column":36}},"171":{"start":{"line":172,"column":0},"end":{"line":172,"column":79}},"172":{"start":{"line":173,"column":0},"end":{"line":173,"column":56}},"173":{"start":{"line":174,"column":0},"end":{"line":174,"column":59}},"174":{"start":{"line":175,"column":0},"end":{"line":175,"column":49}},"175":{"start":{"line":176,"column":0},"end":{"line":176,"column":18}},"176":{"start":{"line":177,"column":0},"end":{"line":177,"column":17}},"177":{"start":{"line":178,"column":0},"end":{"line":178,"column":17}},"178":{"start":{"line":179,"column":0},"end":{"line":179,"column":12}},"179":{"start":{"line":180,"column":0},"end":{"line":180,"column":0}},"180":{"start":{"line":181,"column":0},"end":{"line":181,"column":20}},"181":{"start":{"line":182,"column":0},"end":{"line":182,"column":31}},"182":{"start":{"line":183,"column":0},"end":{"line":183,"column":30}},"183":{"start":{"line":184,"column":0},"end":{"line":184,"column":177}},"184":{"start":{"line":185,"column":0},"end":{"line":185,"column":21}},"185":{"start":{"line":186,"column":0},"end":{"line":186,"column":29}},"186":{"start":{"line":187,"column":0},"end":{"line":187,"column":62}},"187":{"start":{"line":188,"column":0},"end":{"line":188,"column":46}},"188":{"start":{"line":189,"column":0},"end":{"line":189,"column":8}},"189":{"start":{"line":190,"column":0},"end":{"line":190,"column":10}},"190":{"start":{"line":191,"column":0},"end":{"line":191,"column":4}},"191":{"start":{"line":192,"column":0},"end":{"line":192,"column":1}}},"s":{"0":1,"1":1,"2":1,"3":1,"4":1,"5":1,"6":1,"7":1,"8":1,"9":16,"10":16,"11":16,"12":1,"13":1,"14":7,"15":7,"16":0,"17":0,"18":0,"19":1,"20":7,"21":7,"22":7,"23":7,"24":7,"25":7,"26":7,"27":7,"28":7,"29":7,"30":7,"31":7,"32":7,"33":7,"34":7,"35":7,"36":7,"37":7,"38":7,"39":7,"40":7,"41":7,"42":7,"43":7,"44":7,"45":7,"46":7,"47":4,"48":4,"49":4,"50":4,"51":4,"52":4,"53":4,"54":4,"55":4,"56":4,"57":4,"58":4,"59":4,"60":4,"61":4,"62":4,"63":4,"64":4,"65":0,"66":0,"67":0,"68":4,"69":4,"70":4,"71":4,"72":4,"73":4,"74":7,"75":7,"76":7,"77":1,"78":1,"79":1,"80":1,"81":0,"82":1,"83":1,"84":1,"85":1,"86":7,"87":7,"88":7,"89":7,"90":7,"91":7,"92":7,"93":7,"94":7,"95":7,"96":7,"97":7,"98":7,"99":7,"100":7,"101":7,"102":7,"103":0,"104":0,"105":0,"106":0,"107":7,"108":7,"109":7,"110":7,"111":7,"112":7,"113":7,"114":7,"115":7,"116":7,"117":7,"118":7,"119":7,"120":7,"121":7,"122":7,"123":7,"124":7,"125":7,"126":7,"127":7,"128":7,"129":7,"130":7,"131":7,"132":7,"133":7,"134":7,"135":7,"136":7,"137":7,"138":7,"139":7,"140":7,"141":7,"142":7,"143":7,"144":7,"145":7,"146":7,"147":7,"148":7,"149":7,"150":7,"151":7,"152":7,"153":7,"154":7,"155":7,"156":7,"157":7,"158":7,"159":7,"160":7,"161":7,"162":7,"163":7,"164":7,"165":7,"166":7,"167":7,"168":7,"169":7,"170":7,"171":0,"172":0,"173":0,"174":0,"175":0,"176":0,"177":7,"178":7,"179":7,"180":7,"181":7,"182":7,"183":7,"184":7,"185":7,"186":7,"187":7,"188":7,"189":7,"190":7,"191":7},"branchMap":{"0":{"type":"branch","line":9,"loc":{"start":{"line":9,"column":17},"end":{"line":12,"column":2}},"locations":[{"start":{"line":9,"column":17},"end":{"line":12,"column":2}}]},"1":{"type":"branch","line":11,"loc":{"start":{"line":11,"column":35},"end":{"line":11,"column":53}},"locations":[{"start":{"line":11,"column":35},"end":{"line":11,"column":53}}]},"2":{"type":"branch","line":14,"loc":{"start":{"line":14,"column":22},"end":{"line":19,"column":2}},"locations":[{"start":{"line":14,"column":22},"end":{"line":19,"column":2}}]},"3":{"type":"branch","line":15,"loc":{"start":{"line":15,"column":23},"end":{"line":15,"column":35}},"locations":[{"start":{"line":15,"column":23},"end":{"line":15,"column":35}}]},"4":{"type":"branch","line":16,"loc":{"start":{"line":16,"column":30},"end":{"line":19,"column":2}},"locations":[{"start":{"line":16,"column":30},"end":{"line":19,"column":2}}]},"5":{"type":"branch","line":21,"loc":{"start":{"line":21,"column":0},"end":{"line":192,"column":1}},"locations":[{"start":{"line":21,"column":0},"end":{"line":192,"column":1}}]},"6":{"type":"branch","line":41,"loc":{"start":{"line":41,"column":38},"end":{"line":41,"column":87}},"locations":[{"start":{"line":41,"column":38},"end":{"line":41,"column":87}}]},"7":{"type":"branch","line":97,"loc":{"start":{"line":97,"column":42},"end":{"line":97,"column":63}},"locations":[{"start":{"line":97,"column":42},"end":{"line":97,"column":63}}]},"8":{"type":"branch","line":103,"loc":{"start":{"line":103,"column":7},"end":{"line":107,"column":14}},"locations":[{"start":{"line":103,"column":7},"end":{"line":107,"column":14}}]},"9":{"type":"branch","line":111,"loc":{"start":{"line":111,"column":24},"end":{"line":111,"column":44}},"locations":[{"start":{"line":111,"column":24},"end":{"line":111,"column":44}}]},"10":{"type":"branch","line":171,"loc":{"start":{"line":171,"column":31},"end":{"line":177,"column":17}},"locations":[{"start":{"line":171,"column":31},"end":{"line":177,"column":17}}]},"11":{"type":"branch","line":184,"loc":{"start":{"line":184,"column":17},"end":{"line":184,"column":174}},"locations":[{"start":{"line":184,"column":17},"end":{"line":184,"column":174}}]},"12":{"type":"branch","line":184,"loc":{"start":{"line":184,"column":119},"end":{"line":184,"column":155}},"locations":[{"start":{"line":184,"column":119},"end":{"line":184,"column":155}}]},"13":{"type":"branch","line":184,"loc":{"start":{"line":184,"column":168},"end":{"line":184,"column":177}},"locations":[{"start":{"line":184,"column":168},"end":{"line":184,"column":177}}]},"14":{"type":"branch","line":43,"loc":{"start":{"line":43,"column":4},"end":{"line":43,"column":118}},"locations":[{"start":{"line":43,"column":4},"end":{"line":43,"column":118}}]},"15":{"type":"branch","line":43,"loc":{"start":{"line":43,"column":37},"end":{"line":43,"column":85}},"locations":[{"start":{"line":43,"column":37},"end":{"line":43,"column":85}}]},"16":{"type":"branch","line":43,"loc":{"start":{"line":43,"column":58},"end":{"line":43,"column":70}},"locations":[{"start":{"line":43,"column":58},"end":{"line":43,"column":70}}]},"17":{"type":"branch","line":47,"loc":{"start":{"line":47,"column":12},"end":{"line":75,"column":5}},"locations":[{"start":{"line":47,"column":12},"end":{"line":75,"column":5}}]},"18":{"type":"branch","line":48,"loc":{"start":{"line":48,"column":32},"end":{"line":48,"column":49}},"locations":[{"start":{"line":48,"column":32},"end":{"line":48,"column":49}}]},"19":{"type":"branch","line":51,"loc":{"start":{"line":51,"column":25},"end":{"line":61,"column":6}},"locations":[{"start":{"line":51,"column":25},"end":{"line":61,"column":6}}]},"20":{"type":"branch","line":71,"loc":{"start":{"line":71,"column":11},"end":{"line":74,"column":6}},"locations":[{"start":{"line":71,"column":11},"end":{"line":74,"column":6}}]},"21":{"type":"branch","line":77,"loc":{"start":{"line":77,"column":33},"end":{"line":86,"column":4}},"locations":[{"start":{"line":77,"column":33},"end":{"line":86,"column":4}}]},"22":{"type":"branch","line":81,"loc":{"start":{"line":81,"column":4},"end":{"line":83,"column":6}},"locations":[{"start":{"line":81,"column":4},"end":{"line":83,"column":6}}]},"23":{"type":"branch","line":116,"loc":{"start":{"line":116,"column":24},"end":{"line":169,"column":9}},"locations":[{"start":{"line":116,"column":24},"end":{"line":169,"column":9}}]},"24":{"type":"branch","line":117,"loc":{"start":{"line":117,"column":40},"end":{"line":117,"column":52}},"locations":[{"start":{"line":117,"column":40},"end":{"line":117,"column":52}}]},"25":{"type":"branch","line":118,"loc":{"start":{"line":118,"column":57},"end":{"line":118,"column":67}},"locations":[{"start":{"line":118,"column":57},"end":{"line":118,"column":67}}]},"26":{"type":"branch","line":121,"loc":{"start":{"line":121,"column":60},"end":{"line":121,"column":79}},"locations":[{"start":{"line":121,"column":60},"end":{"line":121,"column":79}}]},"27":{"type":"branch","line":131,"loc":{"start":{"line":131,"column":77},"end":{"line":131,"column":93}},"locations":[{"start":{"line":131,"column":77},"end":{"line":131,"column":93}}]},"28":{"type":"branch","line":137,"loc":{"start":{"line":137,"column":84},"end":{"line":137,"column":114}},"locations":[{"start":{"line":137,"column":84},"end":{"line":137,"column":114}}]},"29":{"type":"branch","line":165,"loc":{"start":{"line":165,"column":17},"end":{"line":165,"column":61}},"locations":[{"start":{"line":165,"column":17},"end":{"line":165,"column":61}}]},"30":{"type":"branch","line":165,"loc":{"start":{"line":165,"column":61},"end":{"line":165,"column":101}},"locations":[{"start":{"line":165,"column":61},"end":{"line":165,"column":101}}]},"31":{"type":"branch","line":166,"loc":{"start":{"line":166,"column":14},"end":{"line":166,"column":23}},"locations":[{"start":{"line":166,"column":14},"end":{"line":166,"column":23}}]},"32":{"type":"branch","line":161,"loc":{"start":{"line":161,"column":25},"end":{"line":161,"column":55}},"locations":[{"start":{"line":161,"column":25},"end":{"line":161,"column":55}}]},"33":{"type":"branch","line":187,"loc":{"start":{"line":187,"column":19},"end":{"line":187,"column":62}},"locations":[{"start":{"line":187,"column":19},"end":{"line":187,"column":62}}]}},"b":{"0":[16],"1":[0],"2":[7],"3":[0],"4":[0],"5":[7],"6":[0],"7":[0],"8":[0],"9":[0],"10":[0],"11":[2],"12":[0],"13":[5],"14":[4],"15":[4],"16":[0],"17":[4],"18":[0],"19":[4],"20":[4],"21":[1],"22":[0],"23":[7],"24":[0],"25":[0],"26":[0],"27":[0],"28":[0],"29":[0],"30":[0],"31":[0],"32":[2],"33":[1]},"fnMap":{"0":{"name":"toNumber","decl":{"start":{"line":9,"column":17},"end":{"line":12,"column":2}},"loc":{"start":{"line":9,"column":17},"end":{"line":12,"column":2}},"line":9},"1":{"name":"signalVariant","decl":{"start":{"line":14,"column":22},"end":{"line":19,"column":2}},"loc":{"start":{"line":14,"column":22},"end":{"line":19,"column":2}},"line":14},"2":{"name":"Signals","decl":{"start":{"line":21,"column":0},"end":{"line":192,"column":1}},"loc":{"start":{"line":21,"column":0},"end":{"line":192,"column":1}},"line":21},"3":{"name":"evaluateNext","decl":{"start":{"line":51,"column":25},"end":{"line":61,"column":6}},"loc":{"start":{"line":51,"column":25},"end":{"line":61,"column":6}},"line":51},"4":{"name":"handleExecuteConfirmed","decl":{"start":{"line":77,"column":33},"end":{"line":86,"column":4}},"loc":{"start":{"line":77,"column":33},"end":{"line":86,"column":4}},"line":77},"5":{"name":"onClick","decl":{"start":{"line":161,"column":25},"end":{"line":161,"column":55}},"loc":{"start":{"line":161,"column":25},"end":{"line":161,"column":55}},"line":161},"6":{"name":"onConfirm","decl":{"start":{"line":187,"column":19},"end":{"line":187,"column":62}},"loc":{"start":{"line":187,"column":19},"end":{"line":187,"column":62}},"line":187},"7":{"name":"onCancel","decl":{"start":{"line":188,"column":18},"end":{"line":188,"column":46}},"loc":{"start":{"line":188,"column":18},"end":{"line":188,"column":46}},"line":188}},"f":{"0":16,"1":7,"2":7,"3":4,"4":1,"5":2,"6":1,"7":0}}
}
